IQ-TREE multicore version 2.3.6 for Linux x86 64-bit built Aug  4 2024
Developed by Bui Quang Minh, Nguyen Lam Tung, Olga Chernomor, Heiko Schmidt,
Dominik Schrempf, Michael Woodhams, Ly Trong Nhan, Thomas Wong

Host:    sca38 (AVX2, FMA3, 503 GB RAM)
Command: iqtree -s HGT_clade.cds.aln -st DNA -nt 8 -bb 1000 --redo
Seed:    219927 (Using SPRNG - Scalable Parallel Random Number Generator)
Time:    Mon Feb  3 09:12:02 2025
Kernel:  AVX+FMA - 8 threads (8 CPU cores detected)

Reading alignment file HGT_clade.cds.aln ... Fasta format detected
Reading fasta file: done in 0.001599 secs using 90.56% CPU
Alignment most likely contains DNA/RNA sequences
Alignment has 29 sequences with 1881 columns, 943 distinct patterns
767 parsimony-informative, 171 singleton sites, 943 constant sites
                                                      Gap/Ambiguity  Composition  p-value
Analyzing sequences: done in 4.38201e-05 secs using 79.87% CPU
   1  Sinocyclocheilus_anshuiensis_rna_XM_016459463_1        24.24%    passed     68.33%
   2  Carassius_gibelio_rna_XM_052538799_1                   22.65%    passed     77.50%
   3  Pangasius_djambal_PDJAM_T00012360                      67.15%    passed     36.21%
   4  Sinocyclocheilus_grahami_rna_XM_016268950_1            24.24%    passed     58.72%
   5  Puntigrus_tetrazona_rna_XM_043229772_1                 22.97%    passed     94.04%
   6  Xyrauchen_texanus_rna_XM_052119494_1                   22.65%    passed     61.04%
   7  Carassius_carassius_rna_XM_059557239_1                 22.65%    passed     92.65%
   8  Onychostoma_macrolepis_rna_XM_058770295_1              22.65%    passed     86.25%
   9  Cyprinus_carpio_rna_XM_042728143_1                     22.65%    passed     81.96%
  10  Myxocyprinus_asiaticus_rna_XM_051717578_1              22.65%    passed     93.12%
  11  Labeo_rohita_rna_XM_051103582_1                        22.65%    passed     90.28%
  12  Ctenopharyngodon_idella_rna_XM_051888784_1             23.29%    passed     90.18%
  13  Pimephales_promelas_rna_XM_039687464_1                 23.60%    passed     65.81%
  14  Danionella_translucida_DT02135_RA                      26.79%    passed     34.71%
  15  Carassius_auratus_rna_XM_026200108_1                   22.65%    passed     80.02%
  16  Megalobrama_amblycephala_rna_XM_048197940_1            23.29%    passed     89.22%
  17  Myxocyprinus_asiaticus_rna_XM_051715317_1              22.65%    passed     94.78%
  18  Xyrauchen_texanus_rna_XM_052138467_1                   29.98%    passed     98.44%
  19  Misgurnus_anguillicaudatus_rna_XM_055194518_1          22.65%    passed     43.68%
  20  Xyrauchen_texanus_rna_XM_052131238_1                   22.97%    passed     86.13%
  21  Myxocyprinus_asiaticus_rna_XM_051690292_1              22.33%    passed     40.97%
  22  Misgurnus_anguillicaudatus_rna_XM_055194515_1          22.65%    passed     55.23%
  23  Myxocyprinus_asiaticus_rna_XM_051690293_1              22.33%    passed     48.75%
  24  Pangasianodon_hypophthalmus_rna_XM_026945431_3         22.81%    passed     92.83%
  25  Cirrhinus_molitorella_evm_model_Chr01_785               2.07%    passed     42.54%
  26  Onychostoma_macrolepis_rna_XM_058768245_1              43.38%    passed     96.96%
  27  Pangasius_djambal_PDJAM_T00103720                      58.37%    passed     71.31%
  28  Rhinichthys_klamathensis_goyatoka_rna_XM_056234689_1   23.60%    passed     92.58%
  29  Anabarilius_grahami_mrna_DPX16_16220                   39.71%    passed     82.20%
WARNING: 2 sequences contain more than 50% gaps/ambiguity
****  TOTAL                                                  26.63%  0 sequences failed composition chi2 test (p-value<5%; df=3)


Create initial parsimony tree by phylogenetic likelihood library (PLL)... 0.007 seconds
Perform fast likelihood tree search using GTR+I+G model...
Estimate model parameters (epsilon = 5.000)
Perform nearest neighbor interchange...
Estimate model parameters (epsilon = 1.000)
1. Initial log-likelihood: -13063.255
Optimal log-likelihood: -13062.990
Rate parameters:  A-C: 1.74532  A-G: 4.13423  A-T: 1.60463  C-G: 1.18362  C-T: 4.04472  G-T: 1.00000
Base frequencies:  A: 0.289  C: 0.213  G: 0.233  T: 0.265
Proportion of invariable sites: 0.222
Gamma shape alpha: 2.026
Parameters optimization took 1 rounds (0.008 sec)
Time for fast ML tree search: 0.108 seconds

NOTE: ModelFinder requires 12 MB RAM!
ModelFinder will test up to 484 DNA models (sample size: 1881 epsilon: 0.100) ...
 No. Model         -LnL         df  AIC          AICc         BIC
  1  GTR+F         13386.142    63  26898.283    26902.722    27247.276
  2  GTR+F+I       13111.549    64  26351.098    26355.680    26705.630
  3  GTR+F+G4      13068.970    64  26265.941    26270.522    26620.473
  4  GTR+F+I+G4    13062.883    65  26255.766    26260.493    26615.837
  5  GTR+F+R2      13074.037    65  26278.075    26282.802    26638.146
  6  GTR+F+R3      13065.449    67  26264.899    26269.925    26636.049
  7  GTR+F+R4      13064.124    69  26266.248    26271.582    26648.478
 14  GTR+F+I+R2    13063.095    66  26258.191    26263.066    26623.802
 15  GTR+F+I+R3    13061.972    68  26259.944    26265.123    26636.634
 25  SYM+G4        13100.112    61  26322.223    26326.381    26660.136
 26  SYM+I+G4      13093.776    62  26311.553    26315.850    26655.005
 36  SYM+I+R2      13094.181    63  26314.363    26318.801    26663.355
 47  TVM+F+G4      13069.003    63  26264.007    26268.445    26612.999
 48  TVM+F+I+G4    13062.832    64  26253.665    26258.246    26608.197
 58  TVM+F+I+R2    13062.852    65  26255.703    26260.431    26615.775
 69  TVMe+G4       13101.774    60  26323.547    26327.569    26655.921
 70  TVMe+I+G4     13095.251    61  26312.502    26316.660    26650.415
 80  TVMe+I+R2     13095.442    62  26314.884    26319.181    26658.337
 91  TIM3+F+G4     13083.396    62  26290.793    26295.090    26634.246
 92  TIM3+F+I+G4   13076.841    63  26279.682    26284.120    26628.674
102  TIM3+F+I+R2   13076.645    64  26281.289    26285.871    26635.821
113  TIM3e+G4      13128.221    59  26374.442    26378.330    26701.276
114  TIM3e+I+G4    13121.069    60  26362.139    26366.161    26694.512
124  TIM3e+I+R2    13121.037    61  26364.073    26368.232    26701.986
135  TIM2+F+G4     13070.533    62  26265.067    26269.364    26608.519
136  TIM2+F+I+G4   13064.019    63  26254.037    26258.475    26603.030
146  TIM2+F+I+R2   13063.851    64  26255.702    26260.284    26610.234
157  TIM2e+G4      13100.413    59  26318.826    26322.714    26645.660
158  TIM2e+I+G4    13094.099    60  26308.197    26312.219    26640.571
168  TIM2e+I+R2    13094.255    61  26310.511    26314.669    26648.424
179  TIM+F+G4      13084.694    62  26293.389    26297.686    26636.841
180  TIM+F+I+G4    13077.815    63  26281.629    26286.067    26630.621
190  TIM+F+I+R2    13077.483    64  26282.967    26287.548    26637.498
201  TIMe+G4       13128.146    59  26374.293    26378.181    26701.127
202  TIMe+I+G4     13121.077    60  26362.154    26366.176    26694.527
212  TIMe+I+R2     13120.889    61  26363.778    26367.937    26701.691
223  TPM3u+F+G4    13083.462    61  26288.924    26293.082    26626.837
224  TPM3u+F+I+G4  13076.887    62  26277.773    26282.071    26621.226
234  TPM3u+F+I+R2  13076.431    63  26278.862    26283.300    26627.854
245  TPM3+G4       13129.821    58  26375.642    26379.399    26696.937
246  TPM3+I+G4     13122.522    59  26363.043    26366.931    26689.877
256  TPM3+I+R2     13122.128    60  26364.256    26368.278    26696.630
267  TPM2u+F+G4    13070.579    61  26263.158    26267.316    26601.071
268  TPM2u+F+I+G4  13064.047    62  26252.095    26256.392    26595.547
278  TPM2u+F+I+R2  13063.660    63  26253.319    26257.757    26602.312
289  TPM2+G4       13102.079    58  26320.159    26323.915    26641.453
290  TPM2+I+G4     13095.624    59  26309.248    26313.136    26636.082
300  TPM2+I+R2     13095.475    60  26310.950    26314.972    26643.324
311  K3Pu+F+G4     13084.776    61  26291.551    26295.709    26629.464
312  K3Pu+F+I+G4   13077.885    62  26279.770    26284.067    26623.223
322  K3Pu+F+I+R2   13077.318    63  26280.635    26285.074    26629.628
333  K3P+G4        13129.757    58  26375.515    26379.271    26696.809
334  K3P+I+G4      13122.546    59  26363.092    26366.980    26689.926
344  K3P+I+R2      13122.045    60  26364.091    26368.113    26696.464
355  TN+F+G4       13084.788    61  26291.576    26295.735    26629.490
356  TN+F+I+G4     13077.922    62  26279.844    26284.141    26623.297
366  TN+F+I+R2     13077.326    63  26280.653    26285.091    26629.645
377  TNe+G4        13128.371    58  26372.741    26376.498    26694.036
378  TNe+I+G4      13121.315    59  26360.630    26364.518    26687.464
388  TNe+I+R2      13120.941    60  26361.882    26365.904    26694.256
399  HKY+F+G4      13084.869    60  26289.738    26293.760    26622.112
400  HKY+F+I+G4    13077.993    61  26277.987    26282.145    26615.900
410  HKY+F+I+R2    13077.327    62  26278.655    26282.952    26622.107
421  K2P+G4        13129.976    57  26373.953    26377.580    26689.708
422  K2P+I+G4      13122.777    58  26361.553    26365.310    26682.848
432  K2P+I+R2      13122.198    59  26362.396    26366.284    26689.230
443  F81+F+G4      13337.226    59  26792.453    26796.340    27119.286
444  F81+F+I+G4    13330.289    60  26780.578    26784.600    27112.951
454  F81+F+I+R2    13329.885    61  26781.770    26785.928    27119.683
465  JC+G4         13380.421    56  26872.841    26876.341    27183.056
466  JC+I+G4       13373.384    57  26860.768    26864.395    27176.523
476  JC+I+R2       13373.113    58  26862.226    26865.982    27183.520
Akaike Information Criterion:           TPM2u+F+I+G4
Corrected Akaike Information Criterion: TPM2u+F+I+G4
Bayesian Information Criterion:         TPM2u+F+I+G4
Best-fit model: TPM2u+F+I+G4 chosen according to BIC

All model information printed to HGT_clade.cds.aln.model.gz
CPU time for ModelFinder: 14.443 seconds (0h:0m:14s)
Wall-clock time for ModelFinder: 1.829 seconds (0h:0m:1s)
Generating 1000 samples for ultrafast bootstrap (seed: 219927)...

NOTE: 7 MB RAM (0 GB) is required!
Estimate model parameters (epsilon = 0.100)
Thoroughly optimizing +I+G parameters from 10 start values...
Init pinv, alpha: 0.000, 1.888 / Estimate: 0.000, 0.817 / LogL: -13070.578
Init pinv, alpha: 0.056, 1.888 / Estimate: 0.058, 0.974 / LogL: -13068.427
Init pinv, alpha: 0.111, 1.888 / Estimate: 0.117, 1.201 / LogL: -13066.177
Init pinv, alpha: 0.167, 1.888 / Estimate: 0.171, 1.526 / LogL: -13064.444
Init pinv, alpha: 0.223, 1.888 / Estimate: 0.216, 1.940 / LogL: -13064.129
Init pinv, alpha: 0.279, 1.888 / Estimate: 0.226, 2.067 / LogL: -13064.352
Init pinv, alpha: 0.334, 1.888 / Estimate: 0.227, 2.076 / LogL: -13064.374
Init pinv, alpha: 0.390, 1.888 / Estimate: 0.227, 2.073 / LogL: -13064.367
Init pinv, alpha: 0.446, 1.888 / Estimate: 0.226, 2.057 / LogL: -13064.331
Init pinv, alpha: 0.501, 1.888 / Estimate: 0.226, 2.065 / LogL: -13064.349
Optimal pinv,alpha: 0.216, 1.940 / LogL: -13064.129

Parameters optimization took 0.631 sec
Wrote distance file to... 
Computing ML distances based on estimated model parameters...
Calculating distance matrix: done in 0.000614874 secs using 828.6% CPU
Computing ML distances took 0.000761 sec (of wall-clock time) 0.005198 sec (of CPU time)
Setting up auxiliary I and S matrices: done in 0.00297384 secs using 210.3% CPU
Computing RapidNJ tree took 0.026158 sec (of wall-clock time) 0.031156 sec (of CPU time)
Log-likelihood of RapidNJ tree: -13150.372
--------------------------------------------------------------------
|             INITIALIZING CANDIDATE TREE SET                      |
--------------------------------------------------------------------
Generating 98 parsimony trees... 0.301 second
Computing log-likelihood of 98 initial trees ... 0.340 seconds
Current best score: -13064.129

Do NNI search on 20 best initial trees
Estimate model parameters (epsilon = 0.100)
BETTER TREE FOUND at iteration 1: -13064.113
Iteration 10 / LogL: -13064.137 / Time: 0h:0m:3s
Iteration 20 / LogL: -13064.136 / Time: 0h:0m:4s
Finish initializing candidate tree set (2)
Current best tree score: -13064.113 / CPU time: 1.945
Number of iterations: 20
--------------------------------------------------------------------
|               OPTIMIZING CANDIDATE TREE SET                      |
--------------------------------------------------------------------
Iteration 30 / LogL: -13087.395 / Time: 0h:0m:5s (0h:0m:8s left)
Iteration 40 / LogL: -13087.628 / Time: 0h:0m:5s (0h:0m:6s left)
Iteration 50 / LogL: -13087.434 / Time: 0h:0m:6s (0h:0m:5s left)
Log-likelihood cutoff on original alignment: -13095.040
Iteration 60 / LogL: -13087.266 / Time: 0h:0m:7s (0h:0m:3s left)
Iteration 70 / LogL: -13064.163 / Time: 0h:0m:7s (0h:0m:2s left)
Iteration 80 / LogL: -13064.169 / Time: 0h:0m:8s (0h:0m:1s left)
Iteration 90 / LogL: -13275.453 / Time: 0h:0m:9s (0h:0m:0s left)
Iteration 100 / LogL: -13116.709 / Time: 0h:0m:9s (0h:0m:0s left)
Log-likelihood cutoff on original alignment: -13095.610
NOTE: Bootstrap correlation coefficient of split occurrence frequencies: 1.000
TREE SEARCH COMPLETED AFTER 102 ITERATIONS / Time: 0h:0m:10s

--------------------------------------------------------------------
|                    FINALIZING TREE SEARCH                        |
--------------------------------------------------------------------
Performs final model parameters optimization
Estimate model parameters (epsilon = 0.010)
1. Initial log-likelihood: -13064.113
2. Current log-likelihood: -13064.101
3. Current log-likelihood: -13064.091
Optimal log-likelihood: -13064.082
Rate parameters:  A-C: 1.54443  A-G: 3.76859  A-T: 1.54443  C-G: 1.00000  C-T: 3.76859  G-T: 1.00000
Base frequencies:  A: 0.289  C: 0.213  G: 0.233  T: 0.265
Proportion of invariable sites: 0.212
Gamma shape alpha: 1.893
Parameters optimization took 3 rounds (0.017 sec)
BEST SCORE FOUND : -13064.082
Creating bootstrap support values...
Split supports printed to NEXUS file HGT_clade.cds.aln.splits.nex
Total tree length: 2.133

Total number of iterations: 102
CPU time used for tree search: 57.086 sec (0h:0m:57s)
Wall-clock time used for tree search: 7.534 sec (0h:0m:7s)
Total CPU time used: 77.102 sec (0h:1m:17s)
Total wall-clock time used: 10.171 sec (0h:0m:10s)

Computing bootstrap consensus tree...
Reading input file HGT_clade.cds.aln.splits.nex...
29 taxa and 89 splits.
Consensus tree written to HGT_clade.cds.aln.contree
Reading input trees file HGT_clade.cds.aln.contree
Log-likelihood of consensus tree: -13064.081

Analysis results written to: 
  IQ-TREE report:                HGT_clade.cds.aln.iqtree
  Maximum-likelihood tree:       HGT_clade.cds.aln.treefile
  Likelihood distances:          HGT_clade.cds.aln.mldist

Ultrafast bootstrap approximation results written to:
  Split support values:          HGT_clade.cds.aln.splits.nex
  Consensus tree:                HGT_clade.cds.aln.contree
  Screen log file:               HGT_clade.cds.aln.log

Date and Time: Mon Feb  3 09:12:12 2025
