IQ-TREE multicore version 2.3.6 for Linux x86 64-bit built Aug  4 2024
Developed by Bui Quang Minh, Nguyen Lam Tung, Olga Chernomor, Heiko Schmidt,
Dominik Schrempf, Michael Woodhams, Ly Trong Nhan, Thomas Wong

Host:    sca38 (AVX2, FMA3, 503 GB RAM)
Command: iqtree -s HGT_clade.cds.aln -st DNA -nt 8 -bb 1000 --redo
Seed:    725846 (Using SPRNG - Scalable Parallel Random Number Generator)
Time:    Mon Feb  3 08:26:19 2025
Kernel:  AVX+FMA - 8 threads (8 CPU cores detected)

Reading alignment file HGT_clade.cds.aln ... Fasta format detected
Reading fasta file: done in 0.000328457 secs using 49.93% CPU
Alignment most likely contains DNA/RNA sequences
Alignment has 14 sequences with 597 columns, 296 distinct patterns
122 parsimony-informative, 181 singleton sites, 294 constant sites
                                             Gap/Ambiguity  Composition  p-value
Analyzing sequences: done in 1.87298e-05 secs using 42.71% CPU
   1  Alosa_sapidissima_rna_XM_042096292_1           0.00%    passed     97.50%
   2  Alosa_sapidissima_rna_XM_042096293_1           0.00%    passed     96.01%
   3  Hypomesus_transpacificus_rna_XM_047031800_1   43.72%    passed      7.32%
   4  Sardina_pilchardus_rna_XM_062551642_1          0.00%    passed     98.54%
   5  Alosa_alosa_rna_XM_048250564_1                 2.51%    passed     99.97%
   6  Alosa_sapidissima_rna_XM_042096285_1           0.00%    passed     97.50%
   7  Clupea_harengus_rna_XM_031582176_2            25.63%    passed     88.06%
   8  Alosa_sapidissima_rna_XM_042096290_1           0.00%    passed     97.50%
   9  Sardina_pilchardus_rna_XM_062550286_1         28.14%    passed     85.73%
  10  Clupea_harengus_rna_XM_042709989_1             2.01%    passed     86.87%
  11  Clupea_harengus_rna_XM_031564016_1            46.23%    passed     33.49%
  12  Alosa_alosa_rna_XM_048250683_1                 0.00%    passed     98.32%
  13  Engraulis_encrasicolus_rna_XM_063222654_1      5.03%    passed     84.42%
  14  Clupea_harengus_rna_XM_031581960_1             0.00%    passed     98.16%
****  TOTAL                                         10.95%  0 sequences failed composition chi2 test (p-value<5%; df=3)
NOTE: Alosa_sapidissima_rna_XM_042096285_1 is identical to Alosa_sapidissima_rna_XM_042096292_1 but kept for subsequent analysis
NOTE: 1 identical sequences (see below) will be ignored for subsequent analysis
NOTE: Alosa_sapidissima_rna_XM_042096290_1 (identical to Alosa_sapidissima_rna_XM_042096292_1) is ignored but added at the end
Alignment was printed to HGT_clade.cds.aln.uniqueseq.phy

For your convenience alignment with unique sequences printed to HGT_clade.cds.aln.uniqueseq.phy


Create initial parsimony tree by phylogenetic likelihood library (PLL)... 0.001 seconds
WARNING: Number of threads seems too high for short alignments. Use -T AUTO to determine best number of threads.
Perform fast likelihood tree search using GTR+I+G model...
Estimate model parameters (epsilon = 5.000)
Perform nearest neighbor interchange...
Estimate model parameters (epsilon = 1.000)
1. Initial log-likelihood: -3056.893
Optimal log-likelihood: -3056.880
Rate parameters:  A-C: 1.82159  A-G: 2.76697  A-T: 1.70826  C-G: 1.43922  C-T: 2.99547  G-T: 1.00000
Base frequencies:  A: 0.249  C: 0.273  G: 0.266  T: 0.212
Proportion of invariable sites: 0.240
Gamma shape alpha: 2.530
Parameters optimization took 1 rounds (0.003 sec)
Time for fast ML tree search: 0.023 seconds

NOTE: ModelFinder requires 2 MB RAM!
ModelFinder will test up to 484 DNA models (sample size: 597 epsilon: 0.100) ...
 No. Model         -LnL         df  AIC          AICc         BIC
WARNING: Number of threads seems too high for short alignments. Use -T AUTO to determine best number of threads.
  1  GTR+F         3094.112     31  6250.224     6253.735     6386.373
WARNING: Number of threads seems too high for short alignments. Use -T AUTO to determine best number of threads.
  2  GTR+F+I       3060.341     32  6184.682     6188.427     6325.223
WARNING: Number of threads seems too high for short alignments. Use -T AUTO to determine best number of threads.
  3  GTR+F+G4      3056.947     32  6177.894     6181.639     6318.435
WARNING: Number of threads seems too high for short alignments. Use -T AUTO to determine best number of threads.
  4  GTR+F+I+G4    3056.868     33  6179.737     6183.723     6324.670
WARNING: Number of threads seems too high for short alignments. Use -T AUTO to determine best number of threads.
  5  GTR+F+R2      3057.770     33  6181.540     6185.526     6326.473
WARNING: Number of threads seems too high for short alignments. Use -T AUTO to determine best number of threads.
  6  GTR+F+R3      3057.459     35  6184.917     6189.409     6338.634
WARNING: Number of threads seems too high for short alignments. Use -T AUTO to determine best number of threads.
 14  GTR+F+I+R2    3057.444     34  6182.888     6187.123     6332.214
WARNING: Number of threads seems too high for short alignments. Use -T AUTO to determine best number of threads.
 15  GTR+F+I+R3    3056.734     36  6185.469     6190.226     6343.578
WARNING: Number of threads seems too high for short alignments. Use -T AUTO to determine best number of threads.
 24  SYM+I         3063.047     29  6184.094     6187.163     6311.460
WARNING: Number of threads seems too high for short alignments. Use -T AUTO to determine best number of threads.
 25  SYM+G4        3059.834     29  6177.668     6180.737     6305.034
WARNING: Number of threads seems too high for short alignments. Use -T AUTO to determine best number of threads.
 26  SYM+I+G4      3059.708     30  6179.416     6182.702     6311.174
WARNING: Number of threads seems too high for short alignments. Use -T AUTO to determine best number of threads.
 27  SYM+R2        3060.505     30  6181.009     6184.295     6312.767
WARNING: Number of threads seems too high for short alignments. Use -T AUTO to determine best number of threads.
 46  TVM+F+I       3060.384     31  6182.769     6186.280     6318.918
WARNING: Number of threads seems too high for short alignments. Use -T AUTO to determine best number of threads.
 47  TVM+F+G4      3057.124     31  6176.249     6179.760     6312.398
WARNING: Number of threads seems too high for short alignments. Use -T AUTO to determine best number of threads.
 48  TVM+F+I+G4    3056.977     32  6177.954     6181.699     6318.495
WARNING: Number of threads seems too high for short alignments. Use -T AUTO to determine best number of threads.
 49  TVM+F+R2      3057.859     32  6179.719     6183.464     6320.260
WARNING: Number of threads seems too high for short alignments. Use -T AUTO to determine best number of threads.
 68  TVMe+I        3063.086     28  6182.173     6185.032     6305.146
WARNING: Number of threads seems too high for short alignments. Use -T AUTO to determine best number of threads.
 69  TVMe+G4       3059.834     28  6175.669     6178.528     6298.642
WARNING: Number of threads seems too high for short alignments. Use -T AUTO to determine best number of threads.
 70  TVMe+I+G4     3059.696     29  6177.393     6180.462     6304.759
WARNING: Number of threads seems too high for short alignments. Use -T AUTO to determine best number of threads.
 71  TVMe+R2       3060.485     29  6178.971     6182.040     6306.336
WARNING: Number of threads seems too high for short alignments. Use -T AUTO to determine best number of threads.
 90  TIM3+F+I      3064.003     30  6188.007     6191.293     6319.764
WARNING: Number of threads seems too high for short alignments. Use -T AUTO to determine best number of threads.
 91  TIM3+F+G4     3059.698     30  6179.396     6182.682     6311.153
WARNING: Number of threads seems too high for short alignments. Use -T AUTO to determine best number of threads.
 92  TIM3+F+I+G4   3059.875     31  6181.749     6185.261     6317.899
WARNING: Number of threads seems too high for short alignments. Use -T AUTO to determine best number of threads.
 93  TIM3+F+R2     3060.505     31  6183.009     6186.521     6319.159
WARNING: Number of threads seems too high for short alignments. Use -T AUTO to determine best number of threads.
112  TIM3e+I       3066.031     27  6186.062     6188.719     6304.643
WARNING: Number of threads seems too high for short alignments. Use -T AUTO to determine best number of threads.
113  TIM3e+G4      3061.931     27  6177.863     6180.520     6296.445
WARNING: Number of threads seems too high for short alignments. Use -T AUTO to determine best number of threads.
114  TIM3e+I+G4    3062.040     28  6180.081     6182.940     6303.054
WARNING: Number of threads seems too high for short alignments. Use -T AUTO to determine best number of threads.
115  TIM3e+R2      3062.610     28  6181.220     6184.079     6304.194
WARNING: Number of threads seems too high for short alignments. Use -T AUTO to determine best number of threads.
134  TIM2+F+I      3061.805     30  6183.611     6186.897     6315.368
WARNING: Number of threads seems too high for short alignments. Use -T AUTO to determine best number of threads.
135  TIM2+F+G4     3058.135     30  6176.271     6179.557     6308.028
WARNING: Number of threads seems too high for short alignments. Use -T AUTO to determine best number of threads.
136  TIM2+F+I+G4   3058.062     31  6178.124     6181.636     6314.274
WARNING: Number of threads seems too high for short alignments. Use -T AUTO to determine best number of threads.
137  TIM2+F+R2     3058.961     31  6179.921     6183.433     6316.071
WARNING: Number of threads seems too high for short alignments. Use -T AUTO to determine best number of threads.
156  TIM2e+I       3066.772     27  6187.545     6190.202     6306.127
WARNING: Number of threads seems too high for short alignments. Use -T AUTO to determine best number of threads.
157  TIM2e+G4      3063.391     27  6180.781     6183.439     6299.363
WARNING: Number of threads seems too high for short alignments. Use -T AUTO to determine best number of threads.
158  TIM2e+I+G4    3063.256     28  6182.513     6185.372     6305.487
WARNING: Number of threads seems too high for short alignments. Use -T AUTO to determine best number of threads.
159  TIM2e+R2      3064.125     28  6184.249     6187.109     6307.223
WARNING: Number of threads seems too high for short alignments. Use -T AUTO to determine best number of threads.
178  TIM+F+I       3064.793     30  6189.586     6192.872     6321.344
WARNING: Number of threads seems too high for short alignments. Use -T AUTO to determine best number of threads.
179  TIM+F+G4      3060.318     30  6180.636     6183.922     6312.393
WARNING: Number of threads seems too high for short alignments. Use -T AUTO to determine best number of threads.
180  TIM+F+I+G4    3060.491     31  6182.981     6186.493     6319.130
WARNING: Number of threads seems too high for short alignments. Use -T AUTO to determine best number of threads.
181  TIM+F+R2      3061.127     31  6184.255     6187.766     6320.404
WARNING: Number of threads seems too high for short alignments. Use -T AUTO to determine best number of threads.
200  TIMe+I        3069.015     27  6192.030     6194.688     6310.612
WARNING: Number of threads seems too high for short alignments. Use -T AUTO to determine best number of threads.
201  TIMe+G4       3064.904     27  6183.807     6186.464     6302.389
WARNING: Number of threads seems too high for short alignments. Use -T AUTO to determine best number of threads.
202  TIMe+I+G4     3064.983     28  6185.967     6188.826     6308.941
WARNING: Number of threads seems too high for short alignments. Use -T AUTO to determine best number of threads.
203  TIMe+R2       3065.610     28  6187.219     6190.078     6310.193
WARNING: Number of threads seems too high for short alignments. Use -T AUTO to determine best number of threads.
222  TPM3u+F+I     3064.044     29  6186.088     6189.157     6313.454
WARNING: Number of threads seems too high for short alignments. Use -T AUTO to determine best number of threads.
223  TPM3u+F+G4    3059.860     29  6177.721     6180.789     6305.086
WARNING: Number of threads seems too high for short alignments. Use -T AUTO to determine best number of threads.
224  TPM3u+F+I+G4  3059.934     30  6179.868     6183.154     6311.625
WARNING: Number of threads seems too high for short alignments. Use -T AUTO to determine best number of threads.
225  TPM3u+F+R2    3060.577     30  6181.153     6184.440     6312.911
WARNING: Number of threads seems too high for short alignments. Use -T AUTO to determine best number of threads.
244  TPM3+I        3066.075     26  6184.150     6186.613     6298.339
WARNING: Number of threads seems too high for short alignments. Use -T AUTO to determine best number of threads.
245  TPM3+G4       3061.933     26  6175.865     6178.329     6290.055
WARNING: Number of threads seems too high for short alignments. Use -T AUTO to determine best number of threads.
246  TPM3+I+G4     3061.993     27  6177.986     6180.643     6296.567
WARNING: Number of threads seems too high for short alignments. Use -T AUTO to determine best number of threads.
247  TPM3+R2       3062.581     27  6179.161     6181.819     6297.743
WARNING: Number of threads seems too high for short alignments. Use -T AUTO to determine best number of threads.
266  TPM2u+F+I     3061.848     29  6181.696     6184.765     6309.062
WARNING: Number of threads seems too high for short alignments. Use -T AUTO to determine best number of threads.
267  TPM2u+F+G4    3058.318     29  6174.635     6177.704     6302.001
WARNING: Number of threads seems too high for short alignments. Use -T AUTO to determine best number of threads.
268  TPM2u+F+I+G4  3058.154     30  6176.308     6179.594     6308.066
WARNING: Number of threads seems too high for short alignments. Use -T AUTO to determine best number of threads.
269  TPM2u+F+R2    3059.099     30  6178.197     6181.483     6309.955
WARNING: Number of threads seems too high for short alignments. Use -T AUTO to determine best number of threads.
288  TPM2+I        3066.820     26  6185.641     6188.104     6299.831
WARNING: Number of threads seems too high for short alignments. Use -T AUTO to determine best number of threads.
289  TPM2+G4       3063.392     26  6178.785     6181.248     6292.974
WARNING: Number of threads seems too high for short alignments. Use -T AUTO to determine best number of threads.
290  TPM2+I+G4     3063.230     27  6180.460     6183.117     6299.041
WARNING: Number of threads seems too high for short alignments. Use -T AUTO to determine best number of threads.
291  TPM2+R2       3064.121     27  6182.242     6184.899     6300.824
WARNING: Number of threads seems too high for short alignments. Use -T AUTO to determine best number of threads.
310  K3Pu+F+I      3064.834     29  6187.668     6190.737     6315.034
WARNING: Number of threads seems too high for short alignments. Use -T AUTO to determine best number of threads.
311  K3Pu+F+G4     3060.493     29  6178.986     6182.054     6306.351
WARNING: Number of threads seems too high for short alignments. Use -T AUTO to determine best number of threads.
312  K3Pu+F+I+G4   3060.572     30  6181.144     6184.431     6312.902
WARNING: Number of threads seems too high for short alignments. Use -T AUTO to determine best number of threads.
313  K3Pu+F+R2     3061.232     30  6182.464     6185.751     6314.222
WARNING: Number of threads seems too high for short alignments. Use -T AUTO to determine best number of threads.
332  K3P+I         3069.066     26  6190.132     6192.595     6304.322
WARNING: Number of threads seems too high for short alignments. Use -T AUTO to determine best number of threads.
333  K3P+G4        3064.906     26  6181.812     6184.275     6296.002
WARNING: Number of threads seems too high for short alignments. Use -T AUTO to determine best number of threads.
334  K3P+I+G4      3064.951     27  6183.903     6186.560     6302.485
WARNING: Number of threads seems too high for short alignments. Use -T AUTO to determine best number of threads.
335  K3P+R2        3065.593     27  6185.187     6187.844     6303.768
WARNING: Number of threads seems too high for short alignments. Use -T AUTO to determine best number of threads.
354  TN+F+I        3064.961     29  6187.923     6190.992     6315.288
WARNING: Number of threads seems too high for short alignments. Use -T AUTO to determine best number of threads.
355  TN+F+G4       3060.465     29  6178.930     6181.999     6306.296
WARNING: Number of threads seems too high for short alignments. Use -T AUTO to determine best number of threads.
356  TN+F+I+G4     3060.569     30  6181.139     6184.425     6312.896
WARNING: Number of threads seems too high for short alignments. Use -T AUTO to determine best number of threads.
357  TN+F+R2       3061.232     30  6182.463     6185.750     6314.221
WARNING: Number of threads seems too high for short alignments. Use -T AUTO to determine best number of threads.
376  TNe+I         3069.234     26  6190.469     6192.932     6304.659
WARNING: Number of threads seems too high for short alignments. Use -T AUTO to determine best number of threads.
377  TNe+G4        3065.077     26  6182.153     6184.617     6296.343
WARNING: Number of threads seems too high for short alignments. Use -T AUTO to determine best number of threads.
378  TNe+I+G4      3065.107     27  6184.213     6186.870     6302.795
WARNING: Number of threads seems too high for short alignments. Use -T AUTO to determine best number of threads.
379  TNe+R2        3065.764     27  6185.529     6188.186     6304.110
WARNING: Number of threads seems too high for short alignments. Use -T AUTO to determine best number of threads.
398  HKY+F+I       3065.002     28  6186.005     6188.864     6308.978
WARNING: Number of threads seems too high for short alignments. Use -T AUTO to determine best number of threads.
399  HKY+F+G4      3060.639     28  6177.277     6180.137     6300.251
WARNING: Number of threads seems too high for short alignments. Use -T AUTO to determine best number of threads.
400  HKY+F+I+G4    3060.690     29  6179.379     6182.448     6306.745
WARNING: Number of threads seems too high for short alignments. Use -T AUTO to determine best number of threads.
401  HKY+F+R2      3061.368     29  6180.735     6183.804     6308.101
WARNING: Number of threads seems too high for short alignments. Use -T AUTO to determine best number of threads.
420  K2P+I         3069.286     25  6188.573     6190.850     6298.371
WARNING: Number of threads seems too high for short alignments. Use -T AUTO to determine best number of threads.
421  K2P+G4        3065.080     25  6180.161     6182.437     6289.959
WARNING: Number of threads seems too high for short alignments. Use -T AUTO to determine best number of threads.
422  K2P+I+G4      3065.106     26  6182.212     6184.675     6296.401
WARNING: Number of threads seems too high for short alignments. Use -T AUTO to determine best number of threads.
423  K2P+R2        3065.767     26  6183.533     6185.997     6297.723
WARNING: Number of threads seems too high for short alignments. Use -T AUTO to determine best number of threads.
442  F81+F+I       3084.648     27  6223.297     6225.954     6341.879
WARNING: Number of threads seems too high for short alignments. Use -T AUTO to determine best number of threads.
443  F81+F+G4      3080.690     27  6215.380     6218.037     6333.962
WARNING: Number of threads seems too high for short alignments. Use -T AUTO to determine best number of threads.
444  F81+F+I+G4    3080.688     28  6217.376     6220.235     6340.349
WARNING: Number of threads seems too high for short alignments. Use -T AUTO to determine best number of threads.
445  F81+F+R2      3081.374     28  6218.747     6221.607     6341.721
WARNING: Number of threads seems too high for short alignments. Use -T AUTO to determine best number of threads.
464  JC+I          3088.404     24  6224.809     6226.906     6330.215
WARNING: Number of threads seems too high for short alignments. Use -T AUTO to determine best number of threads.
465  JC+G4         3084.607     24  6217.215     6219.313     6322.621
WARNING: Number of threads seems too high for short alignments. Use -T AUTO to determine best number of threads.
466  JC+I+G4       3084.572     25  6219.145     6221.421     6328.943
WARNING: Number of threads seems too high for short alignments. Use -T AUTO to determine best number of threads.
467  JC+R2         3085.254     25  6220.507     6222.784     6330.305
Akaike Information Criterion:           TPM2u+F+G4
Corrected Akaike Information Criterion: TPM2u+F+G4
Bayesian Information Criterion:         K2P+G4
Best-fit model: K2P+G4 chosen according to BIC

All model information printed to HGT_clade.cds.aln.model.gz
CPU time for ModelFinder: 3.052 seconds (0h:0m:3s)
Wall-clock time for ModelFinder: 0.385 seconds (0h:0m:0s)
Generating 1000 samples for ultrafast bootstrap (seed: 725846)...

NOTE: 1 MB RAM (0 GB) is required!
WARNING: Number of threads seems too high for short alignments. Use -T AUTO to determine best number of threads.
Estimate model parameters (epsilon = 0.100)
1. Initial log-likelihood: -3084.619
2. Current log-likelihood: -3065.197
3. Current log-likelihood: -3065.081
Optimal log-likelihood: -3065.080
Rate parameters:  A-C: 1.00000  A-G: 1.91220  A-T: 1.00000  C-G: 1.00000  C-T: 1.91220  G-T: 1.00000
Base frequencies:  A: 0.250  C: 0.250  G: 0.250  T: 0.250
Gamma shape alpha: 0.893
Parameters optimization took 3 rounds (0.005 sec)
Wrote distance file to... 
Computing ML distances based on estimated model parameters...
Calculating distance matrix: done in 0.000155758 secs using 1.716e+04% CPU
Computing ML distances took 0.000261 sec (of wall-clock time) 0.026786 sec (of CPU time)
Setting up auxiliary I and S matrices: done in 0.000637214 secs using 244% CPU
Computing RapidNJ tree took 0.008241 sec (of wall-clock time) 0.015631 sec (of CPU time)
Log-likelihood of RapidNJ tree: -3082.109
--------------------------------------------------------------------
|             INITIALIZING CANDIDATE TREE SET                      |
--------------------------------------------------------------------
Generating 98 parsimony trees... 0.050 second
Computing log-likelihood of 97 initial trees ... 0.094 seconds
Current best score: -3065.080

Do NNI search on 20 best initial trees
Estimate model parameters (epsilon = 0.100)
BETTER TREE FOUND at iteration 1: -3065.080
Estimate model parameters (epsilon = 0.100)
BETTER TREE FOUND at iteration 2: -3062.956
Iteration 10 / LogL: -3062.956 / Time: 0h:0m:0s
Iteration 20 / LogL: -3065.141 / Time: 0h:0m:0s
Finish initializing candidate tree set (4)
Current best tree score: -3062.956 / CPU time: 0.328
Number of iterations: 20
--------------------------------------------------------------------
|               OPTIMIZING CANDIDATE TREE SET                      |
--------------------------------------------------------------------
UPDATE BEST LOG-LIKELIHOOD: -3062.956
Iteration 30 / LogL: -3063.028 / Time: 0h:0m:0s (0h:0m:1s left)
Iteration 40 / LogL: -3065.117 / Time: 0h:0m:1s (0h:0m:1s left)
UPDATE BEST LOG-LIKELIHOOD: -3062.956
Iteration 50 / LogL: -3062.956 / Time: 0h:0m:1s (0h:0m:0s left)
Log-likelihood cutoff on original alignment: -3088.901
UPDATE BEST LOG-LIKELIHOOD: -3062.956
Iteration 60 / LogL: -3062.956 / Time: 0h:0m:1s (0h:0m:0s left)
Iteration 70 / LogL: -3065.131 / Time: 0h:0m:1s (0h:0m:0s left)
Iteration 80 / LogL: -3062.957 / Time: 0h:0m:1s (0h:0m:0s left)
Iteration 90 / LogL: -3063.030 / Time: 0h:0m:1s (0h:0m:0s left)
Iteration 100 / LogL: -3062.956 / Time: 0h:0m:2s (0h:0m:0s left)
Log-likelihood cutoff on original alignment: -3089.016
NOTE: Bootstrap correlation coefficient of split occurrence frequencies: 0.999
TREE SEARCH COMPLETED AFTER 103 ITERATIONS / Time: 0h:0m:2s

--------------------------------------------------------------------
|                    FINALIZING TREE SEARCH                        |
--------------------------------------------------------------------
Performs final model parameters optimization
Estimate model parameters (epsilon = 0.010)
1. Initial log-likelihood: -3062.956
Optimal log-likelihood: -3062.956
Rate parameters:  A-C: 1.00000  A-G: 1.92147  A-T: 1.00000  C-G: 1.00000  C-T: 1.92147  G-T: 1.00000
Base frequencies:  A: 0.250  C: 0.250  G: 0.250  T: 0.250
Gamma shape alpha: 0.867
Parameters optimization took 1 rounds (0.001 sec)
BEST SCORE FOUND : -3062.956
Creating bootstrap support values...
Split supports printed to NEXUS file HGT_clade.cds.aln.splits.nex
Total tree length: 1.370

Total number of iterations: 103
CPU time used for tree search: 12.831 sec (0h:0m:12s)
Wall-clock time used for tree search: 1.685 sec (0h:0m:1s)
Total CPU time used: 16.186 sec (0h:0m:16s)
Total wall-clock time used: 2.145 sec (0h:0m:2s)

Computing bootstrap consensus tree...
Reading input file HGT_clade.cds.aln.splits.nex...
13 taxa and 76 splits.
Consensus tree written to HGT_clade.cds.aln.contree
Reading input trees file HGT_clade.cds.aln.contree
Log-likelihood of consensus tree: -3062.958

Analysis results written to: 
  IQ-TREE report:                HGT_clade.cds.aln.iqtree
  Maximum-likelihood tree:       HGT_clade.cds.aln.treefile
  Likelihood distances:          HGT_clade.cds.aln.mldist

Ultrafast bootstrap approximation results written to:
  Split support values:          HGT_clade.cds.aln.splits.nex
  Consensus tree:                HGT_clade.cds.aln.contree
  Screen log file:               HGT_clade.cds.aln.log

Date and Time: Mon Feb  3 08:26:21 2025
