IQ-TREE multicore version 2.3.6 for Linux x86 64-bit built Aug  4 2024
Developed by Bui Quang Minh, Nguyen Lam Tung, Olga Chernomor, Heiko Schmidt,
Dominik Schrempf, Michael Woodhams, Ly Trong Nhan, Thomas Wong

Host:    login12 (AVX2, FMA3, 503 GB RAM)
Command: iqtree -s Concatenated_mitochondrial_genes.aln --seqtype AA -m mtVer+F+G4 -nt 8 -bb 1000
Seed:    244056 (Using SPRNG - Scalable Parallel Random Number Generator)
Time:    Wed Feb  5 21:29:30 2025
Kernel:  AVX+FMA - 8 threads (128 CPU cores detected)

Reading alignment file Concatenated_mitochondrial_genes.aln ... Fasta format detected
Reading fasta file: done in 0.00136073 secs using 49.97% CPU
Alignment most likely contains protein sequences
WARNING: 5 sites contain only gaps or ambiguous characters.
Alignment has 13 sequences with 3827 columns, 1618 distinct patterns
962 parsimony-informative, 699 singleton sites, 2166 constant sites
                          Gap/Ambiguity  Composition  p-value
Analyzing sequences: done in 7.21291e-05 secs using 97.05% CPU
   1  Anoplopoma_fimbria          0.73%    passed     98.93%
   2  Borostomias_antarcticus     1.83%    passed     96.47%
   3  Channa_striata              0.78%    passed     99.78%
   4  Clupea_harengus             0.76%    passed     77.65%
   5  Electrona_antarctica        4.63%    passed     85.98%
   6  Hypomesus_transpacificus    0.73%    passed     93.85%
   7  Lepisosteus_oculatus        0.84%    passed     34.43%
   8  Oncorhynchus_mykiss         0.86%    passed     99.98%
   9  Oryzias_melastigma          0.73%    passed     92.02%
  10  Salarias_fasciatus          0.73%    passed     99.99%
  11  Siniperca_chuatsi           0.73%    passed    100.00%
  12  Takifugu_flavidus           0.78%    passed     96.96%
  13  Xiphophorus_couchianus      4.73%    passed     97.94%
****  TOTAL                       1.45%  0 sequences failed composition chi2 test (p-value<5%; df=19)

Create initial parsimony tree by phylogenetic likelihood library (PLL)... 0.004 seconds
Generating 1000 samples for ultrafast bootstrap (seed: 244056)...

NOTE: 19 MB RAM (0 GB) is required!
Estimate model parameters (epsilon = 0.100)
1. Initial log-likelihood: -37588.680
2. Current log-likelihood: -36645.509
3. Current log-likelihood: -36628.879
4. Current log-likelihood: -36628.748
Optimal log-likelihood: -36628.743
Gamma shape alpha: 0.306
Parameters optimization took 4 rounds (0.177 sec)
Wrote distance file to... 
Computing ML distances based on estimated model parameters...
Calculating distance matrix: done in 0.00352469 secs using 1460% CPU
Computing ML distances took 0.003632 sec (of wall-clock time) 0.051571 sec (of CPU time)
Setting up auxiliary I and S matrices: done in 0.00128119 secs using 603.3% CPU
Computing RapidNJ tree took 0.016261 sec (of wall-clock time) 0.044909 sec (of CPU time)
Log-likelihood of RapidNJ tree: -36850.343
--------------------------------------------------------------------
|             INITIALIZING CANDIDATE TREE SET                      |
--------------------------------------------------------------------
Generating 98 parsimony trees... 0.335 second
Computing log-likelihood of 98 initial trees ... 1.242 seconds
Current best score: -36628.743

Do NNI search on 20 best initial trees
Estimate model parameters (epsilon = 0.100)
BETTER TREE FOUND at iteration 1: -36624.189
Iteration 10 / LogL: -36624.618 / Time: 0h:0m:3s
Iteration 20 / LogL: -36625.160 / Time: 0h:0m:4s
Finish initializing candidate tree set (2)
Current best tree score: -36624.189 / CPU time: 4.354
Number of iterations: 20
--------------------------------------------------------------------
|               OPTIMIZING CANDIDATE TREE SET                      |
--------------------------------------------------------------------
Iteration 30 / LogL: -36633.678 / Time: 0h:0m:6s (0h:0m:15s left)
Iteration 40 / LogL: -36624.521 / Time: 0h:0m:8s (0h:0m:12s left)
Iteration 50 / LogL: -36624.193 / Time: 0h:0m:9s (0h:0m:10s left)
Log-likelihood cutoff on original alignment: -36666.975
Iteration 60 / LogL: -36624.218 / Time: 0h:0m:11s (0h:0m:8s left)
Iteration 70 / LogL: -36632.679 / Time: 0h:0m:13s (0h:0m:6s left)
Iteration 80 / LogL: -36624.265 / Time: 0h:0m:15s (0h:0m:4s left)
Iteration 90 / LogL: -36632.660 / Time: 0h:0m:17s (0h:0m:2s left)

******************************************************
CHECKPOINT: Resuming analysis from Concatenated_mitochondrial_genes.aln.ckp.gz

IQ-TREE multicore version 2.3.6 for Linux x86 64-bit built Aug  4 2024
Developed by Bui Quang Minh, Nguyen Lam Tung, Olga Chernomor, Heiko Schmidt,
Dominik Schrempf, Michael Woodhams, Ly Trong Nhan, Thomas Wong

Host:    login12 (AVX2, FMA3, 503 GB RAM)
Command: iqtree -s Concatenated_mitochondrial_genes.aln --seqtype AA -m mtVer+F+G4 -nt 8 -bb 1000
Seed:    639659 (Using SPRNG - Scalable Parallel Random Number Generator)
Time:    Wed Feb  5 21:30:12 2025
Kernel:  AVX+FMA - 8 threads (128 CPU cores detected)

Reading alignment file Concatenated_mitochondrial_genes.aln ... Fasta format detected
Reading fasta file: done in 0.00136189 secs using 49.93% CPU
Alignment most likely contains protein sequences
WARNING: 5 sites contain only gaps or ambiguous characters.
Alignment has 13 sequences with 3827 columns, 1618 distinct patterns
962 parsimony-informative, 699 singleton sites, 2166 constant sites
                          Gap/Ambiguity  Composition  p-value
Analyzing sequences: done in 8.32984e-05 secs using 3.244e+04% CPU
   1  Anoplopoma_fimbria          0.73%    passed     98.93%
   2  Borostomias_antarcticus     1.83%    passed     96.47%
   3  Channa_striata              0.78%    passed     99.78%
   4  Clupea_harengus             0.76%    passed     77.65%
   5  Electrona_antarctica        4.63%    passed     85.98%
   6  Hypomesus_transpacificus    0.73%    passed     93.85%
   7  Lepisosteus_oculatus        0.84%    passed     34.43%
   8  Oncorhynchus_mykiss         0.86%    passed     99.98%
   9  Oryzias_melastigma          0.73%    passed     92.02%
  10  Salarias_fasciatus          0.73%    passed     99.99%
  11  Siniperca_chuatsi           0.73%    passed    100.00%
  12  Takifugu_flavidus           0.78%    passed     96.96%
  13  Xiphophorus_couchianus      4.73%    passed     97.94%
****  TOTAL                       1.45%  0 sequences failed composition chi2 test (p-value<5%; df=19)

CHECKPOINT: Initial tree restored
Generating 1000 samples for ultrafast bootstrap (seed: 639659)...

NOTE: 19 MB RAM (0 GB) is required!
Estimate model parameters (epsilon = 0.100)
1. Initial log-likelihood: -37588.680
2. Current log-likelihood: -36645.509
3. Current log-likelihood: -36628.879
4. Current log-likelihood: -36628.748
Optimal log-likelihood: -36628.743
Gamma shape alpha: 0.306
Parameters optimization took 4 rounds (0.171 sec)
Wrote distance file to... 
Computing ML distances based on estimated model parameters...
Calculating distance matrix: done in 0.00354288 secs using 1306% CPU
Computing ML distances took 0.003638 sec (of wall-clock time) 0.049947 sec (of CPU time)
Setting up auxiliary I and S matrices: done in 0.00164922 secs using 245% CPU
Computing RapidNJ tree took 0.018155 sec (of wall-clock time) 0.061231 sec (of CPU time)
Log-likelihood of RapidNJ tree: -36850.343
--------------------------------------------------------------------
|             INITIALIZING CANDIDATE TREE SET                      |
--------------------------------------------------------------------
Generating 98 parsimony trees... 0.386 second
Computing log-likelihood of 98 initial trees ... 1.062 seconds
Current best score: -36628.743

Do NNI search on 20 best initial trees
Estimate model parameters (epsilon = 0.100)
BETTER TREE FOUND at iteration 1: -36624.189
Iteration 10 / LogL: -36624.323 / Time: 0h:0m:2s
Iteration 20 / LogL: -36628.568 / Time: 0h:0m:4s
Finish initializing candidate tree set (3)
Current best tree score: -36624.189 / CPU time: 3.883
Number of iterations: 20
--------------------------------------------------------------------
|               OPTIMIZING CANDIDATE TREE SET                      |
--------------------------------------------------------------------
Iteration 30 / LogL: -36624.214 / Time: 0h:0m:5s (0h:0m:14s left)
Iteration 40 / LogL: -36632.898 / Time: 0h:0m:7s (0h:0m:11s left)
Iteration 50 / LogL: -36635.686 / Time: 0h:0m:9s (0h:0m:9s left)
Log-likelihood cutoff on original alignment: -36727.641
Iteration 60 / LogL: -36635.715 / Time: 0h:0m:11s (0h:0m:7s left)
UPDATE BEST LOG-LIKELIHOOD: -36624.189
Iteration 70 / LogL: -36624.189 / Time: 0h:0m:12s (0h:0m:5s left)
Iteration 80 / LogL: -36624.198 / Time: 0h:0m:14s (0h:0m:3s left)
Iteration 90 / LogL: -36673.699 / Time: 0h:0m:16s (0h:0m:2s left)
Iteration 100 / LogL: -36635.573 / Time: 0h:0m:18s (0h:0m:0s left)
Log-likelihood cutoff on original alignment: -36686.634
NOTE: Bootstrap correlation coefficient of split occurrence frequencies: 1.000
TREE SEARCH COMPLETED AFTER 102 ITERATIONS / Time: 0h:0m:19s

--------------------------------------------------------------------
|                    FINALIZING TREE SEARCH                        |
--------------------------------------------------------------------
Performs final model parameters optimization
Estimate model parameters (epsilon = 0.010)
1. Initial log-likelihood: -36624.189
Optimal log-likelihood: -36624.189
Gamma shape alpha: 0.306
Parameters optimization took 1 rounds (0.033 sec)
BEST SCORE FOUND : -36624.189
Creating bootstrap support values...
Split supports printed to NEXUS file Concatenated_mitochondrial_genes.aln.splits.nex
Total tree length: 2.549

Total number of iterations: 102
CPU time used for tree search: 148.543 sec (0h:2m:28s)
Wall-clock time used for tree search: 18.649 sec (0h:0m:18s)
Total CPU time used: 151.246 sec (0h:2m:31s)
Total wall-clock time used: 19.105 sec (0h:0m:19s)

Computing bootstrap consensus tree...
Reading input file Concatenated_mitochondrial_genes.aln.splits.nex...
13 taxa and 53 splits.
Consensus tree written to Concatenated_mitochondrial_genes.aln.contree
Reading input trees file Concatenated_mitochondrial_genes.aln.contree
Log-likelihood of consensus tree: -36624.189

Analysis results written to: 
  IQ-TREE report:                Concatenated_mitochondrial_genes.aln.iqtree
  Maximum-likelihood tree:       Concatenated_mitochondrial_genes.aln.treefile
  Likelihood distances:          Concatenated_mitochondrial_genes.aln.mldist

Ultrafast bootstrap approximation results written to:
  Split support values:          Concatenated_mitochondrial_genes.aln.splits.nex
  Consensus tree:                Concatenated_mitochondrial_genes.aln.contree
  Screen log file:               Concatenated_mitochondrial_genes.aln.log

Date and Time: Wed Feb  5 21:30:31 2025
