IQ-TREE multicore version 2.3.6 for Linux x86 64-bit built Aug  4 2024
Developed by Bui Quang Minh, Nguyen Lam Tung, Olga Chernomor, Heiko Schmidt,
Dominik Schrempf, Michael Woodhams, Ly Trong Nhan, Thomas Wong

Host:    sca38 (AVX2, FMA3, 503 GB RAM)
Command: iqtree -s HGT_clade.nolong.cds.aln -st DNA -nt 8 -bb 1000 --redo
Seed:    581569 (Using SPRNG - Scalable Parallel Random Number Generator)
Time:    Mon Feb  3 09:46:04 2025
Kernel:  AVX+FMA - 8 threads (8 CPU cores detected)

Reading alignment file HGT_clade.nolong.cds.aln ... Fasta format detected
Reading fasta file: done in 0.000537885 secs using 49.82% CPU
Alignment most likely contains DNA/RNA sequences
Alignment has 31 sequences with 501 columns, 426 distinct patterns
342 parsimony-informative, 70 singleton sites, 89 constant sites
                                                    Gap/Ambiguity  Composition  p-value
Analyzing sequences: done in 2.64989e-05 secs using 45.28% CPU
   1  Thunnus_maccoyii_rna_XM_042435094_1                   0.00%    passed     82.44%
   2  Osmerus_eperlanus_rna_XM_062448472_1                  0.60%    passed     82.56%
   3  Clupea_harengus_rna_XM_031578285_2                    7.78%    passed     95.78%
   4  Lampris_incognitus_rna_XM_056279878_1                 0.60%    passed     69.92%
   5  Thunnus_maccoyii_rna_XM_042435120_1                   0.00%    passed     68.22%
   6  Sardina_pilchardus_rna_XM_062535392_1                 9.58%    passed     86.65%
   7  Clupea_harengus_rna_XM_031577666_1                    6.59%    passed     76.36%
   8  Scomber_japonicus_rna_XM_053325433_1                  9.58%    passed     94.51%
   9  Lampris_incognitus_rna_XM_056280337_1                 0.60%    passed     80.17%
  10  Esox_lucius_rna_XM_010898588_4                        0.60%    passed     65.34%
  11  Myripristis_murdjan_rna_XM_030046755_1                0.00%    passed     32.31%
  12  Oncorhynchus_tshawytscha_rna_XM_042310653_1          46.71%    passed     99.14%
  13  Scomber_japonicus_rna_XM_053325408_1                  9.58%    passed     98.50%
  14  Thunnus_maccoyii_rna_XM_042435142_1                   7.78%    passed     97.26%
  15  Clupea_harengus_rna_XM_031577667_2                    7.19%    passed     94.64%
  16  Scomber_japonicus_rna_XM_053325414_1                  8.98%    passed     86.98%
  17  Lampris_incognitus_rna_XM_056280341_1                 0.60%    passed     69.92%
  18  Centroberyx_gerrardi_g36551_t1                        0.00%    failed      0.11%
  19  Scomber_japonicus_rna_XM_053337026_1                  9.58%    passed     83.33%
  20  Borostomias_antarcticus_g6122_t1                      0.60%    passed     97.87%
  21  Alosa_sapidissima_rna_XM_042075309_1                  9.58%    passed     79.02%
  22  Scomber_scombrus_rna_XM_062436683_1                   9.58%    passed     91.45%
  23  Aplochiton_taeniatus_g15045_t1                        0.60%    failed      1.06%
  24  Lucifuga_dentata_LDENT00156160_mrna                   0.00%    passed     41.04%
  25  Alosa_alosa_rna_XM_048231371_1                        9.58%    passed     69.16%
  26  Dallia_pectoralis_mrna_DPEC_T00177230                 0.60%    passed     58.77%
  27  Salmo_salar_rna_XM_014131548_2                        1.20%    passed     93.44%
  28  Scomber_scombrus_rna_XM_062436670_1                   9.58%    passed     92.69%
  29  Hypomesus_transpacificus_rna_XM_047049897_1           6.59%    passed     82.15%
  30  Thalassophryne_amazonica_rna_XM_034187378_1           1.20%    passed     92.09%
  31  Coregonus_sp_balchen_gene_CSTEINMANNI_LOCUS3751678   62.28%    passed     32.18%
WARNING: 1 sequences contain more than 50% gaps/ambiguity
****  TOTAL                                                 7.67%  2 sequences failed composition chi2 test (p-value<5%; df=3)
NOTE: Lampris_incognitus_rna_XM_056280341_1 is identical to Lampris_incognitus_rna_XM_056279878_1 but kept for subsequent analysis


Create initial parsimony tree by phylogenetic likelihood library (PLL)... 0.002 seconds
WARNING: Number of threads seems too high for short alignments. Use -T AUTO to determine best number of threads.
Perform fast likelihood tree search using GTR+I+G model...
Estimate model parameters (epsilon = 5.000)
Perform nearest neighbor interchange...
Estimate model parameters (epsilon = 1.000)
1. Initial log-likelihood: -7087.918
Optimal log-likelihood: -7087.752
Rate parameters:  A-C: 1.75684  A-G: 2.53254  A-T: 1.10873  C-G: 1.11934  C-T: 3.15563  G-T: 1.00000
Base frequencies:  A: 0.288  C: 0.224  G: 0.287  T: 0.201
Proportion of invariable sites: 0.082
Gamma shape alpha: 1.754
Parameters optimization took 1 rounds (0.007 sec)
Time for fast ML tree search: 0.062 seconds

NOTE: ModelFinder requires 5 MB RAM!
ModelFinder will test up to 484 DNA models (sample size: 501 epsilon: 0.100) ...
 No. Model         -LnL         df  AIC          AICc         BIC
WARNING: Number of threads seems too high for short alignments. Use -T AUTO to determine best number of threads.
  1  GTR+F         7272.420     67  14678.840    14699.884    14961.352
WARNING: Number of threads seems too high for short alignments. Use -T AUTO to determine best number of threads.
  2  GTR+F+I       7156.363     68  14448.725    14470.447    14735.454
WARNING: Number of threads seems too high for short alignments. Use -T AUTO to determine best number of threads.
  3  GTR+F+G4      7090.915     68  14317.830    14339.552    14604.559
WARNING: Number of threads seems too high for short alignments. Use -T AUTO to determine best number of threads.
  4  GTR+F+I+G4    7087.748     69  14313.496    14335.909    14604.441
WARNING: Number of threads seems too high for short alignments. Use -T AUTO to determine best number of threads.
  5  GTR+F+R2      7095.234     69  14328.469    14350.882    14619.414
WARNING: Number of threads seems too high for short alignments. Use -T AUTO to determine best number of threads.
  6  GTR+F+R3      7087.452     71  14316.904    14340.736    14616.283
WARNING: Number of threads seems too high for short alignments. Use -T AUTO to determine best number of threads.
  7  GTR+F+R4      7087.036     73  14320.072    14345.374    14627.884
WARNING: Number of threads seems too high for short alignments. Use -T AUTO to determine best number of threads.
 14  GTR+F+I+R2    7090.184     70  14320.369    14343.485    14615.531
WARNING: Number of threads seems too high for short alignments. Use -T AUTO to determine best number of threads.
 15  GTR+F+I+R3    7087.624     72  14319.249    14343.809    14622.844
WARNING: Number of threads seems too high for short alignments. Use -T AUTO to determine best number of threads.
 25  SYM+G4        7100.106     65  14330.212    14349.936    14604.292
WARNING: Number of threads seems too high for short alignments. Use -T AUTO to determine best number of threads.
 26  SYM+I+G4      7096.732     66  14325.463    14345.841    14603.759
WARNING: Number of threads seems too high for short alignments. Use -T AUTO to determine best number of threads.
 47  TVM+F+G4      7093.651     67  14321.301    14342.345    14603.814
WARNING: Number of threads seems too high for short alignments. Use -T AUTO to determine best number of threads.
 48  TVM+F+I+G4    7090.301     68  14316.602    14338.325    14603.332
WARNING: Number of threads seems too high for short alignments. Use -T AUTO to determine best number of threads.
 69  TVMe+G4       7102.482     64  14332.963    14352.046    14602.826
WARNING: Number of threads seems too high for short alignments. Use -T AUTO to determine best number of threads.
 70  TVMe+I+G4     7099.254     65  14328.508    14348.232    14602.588
WARNING: Number of threads seems too high for short alignments. Use -T AUTO to determine best number of threads.
 91  TIM3+F+G4     7097.474     66  14326.947    14347.325    14605.243
WARNING: Number of threads seems too high for short alignments. Use -T AUTO to determine best number of threads.
 92  TIM3+F+I+G4   7094.296     67  14322.592    14343.636    14605.105
WARNING: Number of threads seems too high for short alignments. Use -T AUTO to determine best number of threads.
113  TIM3e+G4      7106.731     63  14339.461    14357.914    14605.108
WARNING: Number of threads seems too high for short alignments. Use -T AUTO to determine best number of threads.
114  TIM3e+I+G4    7103.338     64  14334.676    14353.759    14604.539
WARNING: Number of threads seems too high for short alignments. Use -T AUTO to determine best number of threads.
135  TIM2+F+G4     7097.720     66  14327.440    14347.818    14605.736
WARNING: Number of threads seems too high for short alignments. Use -T AUTO to determine best number of threads.
136  TIM2+F+I+G4   7094.057     67  14322.113    14343.157    14604.626
WARNING: Number of threads seems too high for short alignments. Use -T AUTO to determine best number of threads.
157  TIM2e+G4      7110.824     63  14347.649    14366.102    14613.295
WARNING: Number of threads seems too high for short alignments. Use -T AUTO to determine best number of threads.
158  TIM2e+I+G4    7106.926     64  14341.851    14360.934    14611.714
WARNING: Number of threads seems too high for short alignments. Use -T AUTO to determine best number of threads.
179  TIM+F+G4      7100.683     66  14333.365    14353.743    14611.661
WARNING: Number of threads seems too high for short alignments. Use -T AUTO to determine best number of threads.
180  TIM+F+I+G4    7097.031     67  14328.063    14349.107    14610.576
WARNING: Number of threads seems too high for short alignments. Use -T AUTO to determine best number of threads.
201  TIMe+G4       7113.527     63  14353.054    14371.507    14618.700
WARNING: Number of threads seems too high for short alignments. Use -T AUTO to determine best number of threads.
202  TIMe+I+G4     7109.643     64  14347.285    14366.368    14617.148
WARNING: Number of threads seems too high for short alignments. Use -T AUTO to determine best number of threads.
223  TPM3u+F+G4    7100.172     65  14330.345    14350.069    14604.424
WARNING: Number of threads seems too high for short alignments. Use -T AUTO to determine best number of threads.
224  TPM3u+F+I+G4  7096.809     66  14325.619    14345.997    14603.915
WARNING: Number of threads seems too high for short alignments. Use -T AUTO to determine best number of threads.
245  TPM3+G4       7109.158     62  14342.316    14360.152    14603.746
WARNING: Number of threads seems too high for short alignments. Use -T AUTO to determine best number of threads.
246  TPM3+I+G4     7105.922     63  14337.844    14356.297    14603.490
WARNING: Number of threads seems too high for short alignments. Use -T AUTO to determine best number of threads.
267  TPM2u+F+G4    7100.471     65  14330.942    14350.666    14605.022
WARNING: Number of threads seems too high for short alignments. Use -T AUTO to determine best number of threads.
268  TPM2u+F+I+G4  7096.630     66  14325.260    14345.638    14603.556
WARNING: Number of threads seems too high for short alignments. Use -T AUTO to determine best number of threads.
289  TPM2+G4       7113.356     62  14350.712    14368.547    14612.141
WARNING: Number of threads seems too high for short alignments. Use -T AUTO to determine best number of threads.
290  TPM2+I+G4     7109.572     63  14345.144    14363.597    14610.790
WARNING: Number of threads seems too high for short alignments. Use -T AUTO to determine best number of threads.
311  K3Pu+F+G4     7103.361     65  14336.722    14356.446    14610.801
WARNING: Number of threads seems too high for short alignments. Use -T AUTO to determine best number of threads.
312  K3Pu+F+I+G4   7099.548     66  14331.097    14351.475    14609.393
WARNING: Number of threads seems too high for short alignments. Use -T AUTO to determine best number of threads.
333  K3P+G4        7116.149     62  14356.297    14374.133    14617.727
WARNING: Number of threads seems too high for short alignments. Use -T AUTO to determine best number of threads.
334  K3P+I+G4      7112.387     63  14350.773    14369.226    14616.419
WARNING: Number of threads seems too high for short alignments. Use -T AUTO to determine best number of threads.
355  TN+F+G4       7102.859     65  14335.718    14355.442    14609.797
WARNING: Number of threads seems too high for short alignments. Use -T AUTO to determine best number of threads.
356  TN+F+I+G4     7099.207     66  14330.415    14350.793    14608.711
WARNING: Number of threads seems too high for short alignments. Use -T AUTO to determine best number of threads.
377  TNe+G4        7115.889     62  14355.778    14373.614    14617.208
WARNING: Number of threads seems too high for short alignments. Use -T AUTO to determine best number of threads.
378  TNe+I+G4      7111.993     63  14349.986    14368.439    14615.632
WARNING: Number of threads seems too high for short alignments. Use -T AUTO to determine best number of threads.
399  HKY+F+G4      7105.568     64  14339.136    14358.219    14608.999
WARNING: Number of threads seems too high for short alignments. Use -T AUTO to determine best number of threads.
400  HKY+F+I+G4    7101.755     65  14333.509    14353.233    14607.589
WARNING: Number of threads seems too high for short alignments. Use -T AUTO to determine best number of threads.
421  K2P+G4        7118.473     61  14358.947    14376.177    14616.160
WARNING: Number of threads seems too high for short alignments. Use -T AUTO to determine best number of threads.
422  K2P+I+G4      7114.713     62  14353.427    14371.262    14614.856
WARNING: Number of threads seems too high for short alignments. Use -T AUTO to determine best number of threads.
443  F81+F+G4      7192.184     63  14510.368    14528.822    14776.015
WARNING: Number of threads seems too high for short alignments. Use -T AUTO to determine best number of threads.
444  F81+F+I+G4    7188.229     64  14504.458    14523.541    14774.321
WARNING: Number of threads seems too high for short alignments. Use -T AUTO to determine best number of threads.
465  JC+G4         7217.871     60  14555.742    14572.379    14808.739
WARNING: Number of threads seems too high for short alignments. Use -T AUTO to determine best number of threads.
466  JC+I+G4       7213.716     61  14549.431    14566.661    14806.644
Akaike Information Criterion:           GTR+F+I+G4
Corrected Akaike Information Criterion: GTR+F+I+G4
Bayesian Information Criterion:         TVMe+I+G4
Best-fit model: TVMe+I+G4 chosen according to BIC

All model information printed to HGT_clade.nolong.cds.aln.model.gz
CPU time for ModelFinder: 7.401 seconds (0h:0m:7s)
Wall-clock time for ModelFinder: 0.931 seconds (0h:0m:0s)
Generating 1000 samples for ultrafast bootstrap (seed: 581569)...

NOTE: 3 MB RAM (0 GB) is required!
WARNING: Number of threads seems too high for short alignments. Use -T AUTO to determine best number of threads.
Estimate model parameters (epsilon = 0.100)
Thoroughly optimizing +I+G parameters from 10 start values...
Init pinv, alpha: 0.000, 1.973 / Estimate: 0.000, 1.226 / LogL: -7102.481
Init pinv, alpha: 0.020, 1.973 / Estimate: 0.066, 1.627 / LogL: -7099.580
Init pinv, alpha: 0.039, 1.973 / Estimate: 0.065, 1.625 / LogL: -7099.585
Init pinv, alpha: 0.059, 1.973 / Estimate: 0.068, 1.644 / LogL: -7099.525
Init pinv, alpha: 0.079, 1.973 / Estimate: 0.082, 1.769 / LogL: -7099.278
Init pinv, alpha: 0.099, 1.973 / Estimate: 0.092, 1.868 / LogL: -7099.250
Init pinv, alpha: 0.118, 1.973 / Estimate: 0.099, 1.942 / LogL: -7099.317
Init pinv, alpha: 0.138, 1.973 / Estimate: 0.100, 1.954 / LogL: -7099.334
Init pinv, alpha: 0.158, 1.973 / Estimate: 0.099, 1.942 / LogL: -7099.318
Init pinv, alpha: 0.178, 1.973 / Estimate: 0.101, 1.955 / LogL: -7099.338
Optimal pinv,alpha: 0.092, 1.868 / LogL: -7099.250

Parameters optimization took 0.357 sec
Wrote distance file to... 
Computing ML distances based on estimated model parameters...
Calculating distance matrix: done in 0.000469436 secs using 4390% CPU
Computing ML distances took 0.000545 sec (of wall-clock time) 0.020733 sec (of CPU time)
Setting up auxiliary I and S matrices: done in 0.000667213 secs using 280.4% CPU
Computing RapidNJ tree took 0.049318 sec (of wall-clock time) 0.057562 sec (of CPU time)
Log-likelihood of RapidNJ tree: -7121.591
--------------------------------------------------------------------
|             INITIALIZING CANDIDATE TREE SET                      |
--------------------------------------------------------------------
Generating 98 parsimony trees... 0.206 second
Computing log-likelihood of 98 initial trees ... 0.251 seconds
Current best score: -7099.250

Do NNI search on 20 best initial trees
Estimate model parameters (epsilon = 0.100)
BETTER TREE FOUND at iteration 1: -7099.247
Estimate model parameters (epsilon = 0.100)
BETTER TREE FOUND at iteration 6: -7097.728
Iteration 10 / LogL: -7099.733 / Time: 0h:0m:2s
Iteration 20 / LogL: -7099.749 / Time: 0h:0m:2s
Finish initializing candidate tree set (8)
Current best tree score: -7097.728 / CPU time: 1.168
Number of iterations: 20
--------------------------------------------------------------------
|               OPTIMIZING CANDIDATE TREE SET                      |
--------------------------------------------------------------------
Iteration 30 / LogL: -7097.732 / Time: 0h:0m:3s (0h:0m:5s left)
Iteration 40 / LogL: -7097.734 / Time: 0h:0m:3s (0h:0m:4s left)
Iteration 50 / LogL: -7097.934 / Time: 0h:0m:3s (0h:0m:3s left)
Log-likelihood cutoff on original alignment: -7128.586
Iteration 60 / LogL: -7097.752 / Time: 0h:0m:4s (0h:0m:2s left)
Iteration 70 / LogL: -7097.740 / Time: 0h:0m:4s (0h:0m:2s left)
Iteration 80 / LogL: -7098.527 / Time: 0h:0m:5s (0h:0m:1s left)
Iteration 90 / LogL: -7097.788 / Time: 0h:0m:5s (0h:0m:0s left)
Iteration 100 / LogL: -7097.756 / Time: 0h:0m:6s (0h:0m:0s left)
Log-likelihood cutoff on original alignment: -7128.375
NOTE: Bootstrap correlation coefficient of split occurrence frequencies: 0.997
TREE SEARCH COMPLETED AFTER 107 ITERATIONS / Time: 0h:0m:6s

--------------------------------------------------------------------
|                    FINALIZING TREE SEARCH                        |
--------------------------------------------------------------------
Performs final model parameters optimization
Estimate model parameters (epsilon = 0.010)
1. Initial log-likelihood: -7097.728
Optimal log-likelihood: -7097.725
Rate parameters:  A-C: 2.03151  A-G: 3.21044  A-T: 1.14495  C-G: 1.29502  C-T: 3.21044  G-T: 1.00000
Base frequencies:  A: 0.250  C: 0.250  G: 0.250  T: 0.250
Proportion of invariable sites: 0.090
Gamma shape alpha: 1.828
Parameters optimization took 1 rounds (0.005 sec)
BEST SCORE FOUND : -7097.725
Creating bootstrap support values...
Split supports printed to NEXUS file HGT_clade.nolong.cds.aln.splits.nex
Total tree length: 4.424

Total number of iterations: 107
CPU time used for tree search: 39.547 sec (0h:0m:39s)
Wall-clock time used for tree search: 5.255 sec (0h:0m:5s)
Total CPU time used: 50.172 sec (0h:0m:50s)
Total wall-clock time used: 6.685 sec (0h:0m:6s)

Computing bootstrap consensus tree...
Reading input file HGT_clade.nolong.cds.aln.splits.nex...
31 taxa and 138 splits.
Consensus tree written to HGT_clade.nolong.cds.aln.contree
Reading input trees file HGT_clade.nolong.cds.aln.contree
Log-likelihood of consensus tree: -7097.729

Analysis results written to: 
  IQ-TREE report:                HGT_clade.nolong.cds.aln.iqtree
  Maximum-likelihood tree:       HGT_clade.nolong.cds.aln.treefile
  Likelihood distances:          HGT_clade.nolong.cds.aln.mldist

Ultrafast bootstrap approximation results written to:
  Split support values:          HGT_clade.nolong.cds.aln.splits.nex
  Consensus tree:                HGT_clade.nolong.cds.aln.contree
  Screen log file:               HGT_clade.nolong.cds.aln.log

Date and Time: Mon Feb  3 09:46:11 2025
