IQ-TREE multicore version 2.3.6 for Linux x86 64-bit built Aug  4 2024
Developed by Bui Quang Minh, Nguyen Lam Tung, Olga Chernomor, Heiko Schmidt,
Dominik Schrempf, Michael Woodhams, Ly Trong Nhan, Thomas Wong

Host:    sca38 (AVX2, FMA3, 503 GB RAM)
Command: iqtree -s HGT_clade.cds.aln -st DNA -nt 8 -bb 1000 --redo
Seed:    729242 (Using SPRNG - Scalable Parallel Random Number Generator)
Time:    Mon Feb  3 09:38:58 2025
Kernel:  AVX+FMA - 8 threads (8 CPU cores detected)

Reading alignment file HGT_clade.cds.aln ... Fasta format detected
Reading fasta file: done in 0.000565823 secs using 49.66% CPU
Alignment most likely contains DNA/RNA sequences
Alignment has 32 sequences with 501 columns, 430 distinct patterns
347 parsimony-informative, 70 singleton sites, 84 constant sites
                                                    Gap/Ambiguity  Composition  p-value
Analyzing sequences: done in 2.4989e-05 secs using 48.02% CPU
   1  Thunnus_maccoyii_rna_XM_042435094_1                   0.00%    passed     83.11%
   2  Osmerus_eperlanus_rna_XM_062448472_1                  0.60%    passed     81.45%
   3  Clupea_harengus_rna_XM_031578285_2                    7.78%    passed     96.74%
   4  Scomber_japonicus_rna_XM_053326797_1                  0.60%    passed     32.80%
   5  Lampris_incognitus_rna_XM_056279878_1                 0.60%    passed     67.75%
   6  Thunnus_maccoyii_rna_XM_042435120_1                   0.00%    passed     71.08%
   7  Sardina_pilchardus_rna_XM_062535392_1                 9.58%    passed     87.68%
   8  Clupea_harengus_rna_XM_031577666_1                    6.59%    passed     77.63%
   9  Scomber_japonicus_rna_XM_053325433_1                  9.58%    passed     93.27%
  10  Lampris_incognitus_rna_XM_056280337_1                 0.60%    passed     78.20%
  11  Esox_lucius_rna_XM_010898588_4                        0.60%    passed     68.04%
  12  Myripristis_murdjan_rna_XM_030046755_1                0.00%    passed     31.14%
  13  Oncorhynchus_tshawytscha_rna_XM_042310653_1          46.71%    passed     98.84%
  14  Scomber_japonicus_rna_XM_053325408_1                  9.58%    passed     98.13%
  15  Thunnus_maccoyii_rna_XM_042435142_1                   7.78%    passed     96.23%
  16  Clupea_harengus_rna_XM_031577667_2                    7.19%    passed     96.02%
  17  Scomber_japonicus_rna_XM_053325414_1                  8.98%    passed     85.28%
  18  Lampris_incognitus_rna_XM_056280341_1                 0.60%    passed     67.75%
  19  Centroberyx_gerrardi_g36551_t1                        0.00%    failed      0.09%
  20  Scomber_japonicus_rna_XM_053337026_1                  9.58%    passed     83.37%
  21  Borostomias_antarcticus_g6122_t1                      0.60%    passed     97.76%
  22  Alosa_sapidissima_rna_XM_042075309_1                  9.58%    passed     80.49%
  23  Scomber_scombrus_rna_XM_062436683_1                   9.58%    passed     92.63%
  24  Aplochiton_taeniatus_g15045_t1                        0.60%    failed      1.29%
  25  Lucifuga_dentata_LDENT00156160_mrna                   0.00%    passed     38.11%
  26  Alosa_alosa_rna_XM_048231371_1                        9.58%    passed     70.99%
  27  Dallia_pectoralis_mrna_DPEC_T00177230                 0.60%    passed     62.29%
  28  Salmo_salar_rna_XM_014131548_2                        1.20%    passed     92.80%
  29  Scomber_scombrus_rna_XM_062436670_1                   9.58%    passed     93.52%
  30  Hypomesus_transpacificus_rna_XM_047049897_1           6.59%    passed     84.73%
  31  Thalassophryne_amazonica_rna_XM_034187378_1           1.20%    passed     91.41%
  32  Coregonus_sp_balchen_gene_CSTEINMANNI_LOCUS3751678   62.28%    passed     30.45%
WARNING: 1 sequences contain more than 50% gaps/ambiguity
****  TOTAL                                                 7.45%  2 sequences failed composition chi2 test (p-value<5%; df=3)
NOTE: Lampris_incognitus_rna_XM_056280341_1 is identical to Lampris_incognitus_rna_XM_056279878_1 but kept for subsequent analysis


Create initial parsimony tree by phylogenetic likelihood library (PLL)... 0.002 seconds
WARNING: Number of threads seems too high for short alignments. Use -T AUTO to determine best number of threads.
Perform fast likelihood tree search using GTR+I+G model...
Estimate model parameters (epsilon = 5.000)
Perform nearest neighbor interchange...
Estimate model parameters (epsilon = 1.000)
1. Initial log-likelihood: -7456.140
Optimal log-likelihood: -7455.977
Rate parameters:  A-C: 1.75293  A-G: 2.46369  A-T: 1.15430  C-G: 1.11348  C-T: 3.16417  G-T: 1.00000
Base frequencies:  A: 0.289  C: 0.223  G: 0.286  T: 0.202
Proportion of invariable sites: 0.080
Gamma shape alpha: 1.806
Parameters optimization took 1 rounds (0.006 sec)
Time for fast ML tree search: 0.056 seconds

NOTE: ModelFinder requires 6 MB RAM!
ModelFinder will test up to 484 DNA models (sample size: 501 epsilon: 0.100) ...
 No. Model         -LnL         df  AIC          AICc         BIC
WARNING: Number of threads seems too high for short alignments. Use -T AUTO to determine best number of threads.
  1  GTR+F         7651.152     69  15440.303    15462.716    15731.249
WARNING: Number of threads seems too high for short alignments. Use -T AUTO to determine best number of threads.
  2  GTR+F+I       7528.342     70  15196.683    15219.800    15491.846
WARNING: Number of threads seems too high for short alignments. Use -T AUTO to determine best number of threads.
  3  GTR+F+G4      7460.183     70  15060.365    15083.481    15355.528
WARNING: Number of threads seems too high for short alignments. Use -T AUTO to determine best number of threads.
  4  GTR+F+I+G4    7455.904     71  15053.808    15077.640    15353.187
WARNING: Number of threads seems too high for short alignments. Use -T AUTO to determine best number of threads.
  5  GTR+F+R2      7463.247     71  15068.493    15092.326    15367.873
WARNING: Number of threads seems too high for short alignments. Use -T AUTO to determine best number of threads.
  6  GTR+F+R3      7455.185     73  15056.370    15081.673    15364.183
WARNING: Number of threads seems too high for short alignments. Use -T AUTO to determine best number of threads.
  7  GTR+F+R4      7454.840     75  15059.679    15086.503    15375.925
WARNING: Number of threads seems too high for short alignments. Use -T AUTO to determine best number of threads.
 14  GTR+F+I+R2    7457.559     72  15059.117    15083.678    15362.713
WARNING: Number of threads seems too high for short alignments. Use -T AUTO to determine best number of threads.
 15  GTR+F+I+R3    7455.222     74  15058.444    15084.501    15370.473
WARNING: Number of threads seems too high for short alignments. Use -T AUTO to determine best number of threads.
 25  SYM+G4        7470.642     67  15075.284    15096.328    15357.796
WARNING: Number of threads seems too high for short alignments. Use -T AUTO to determine best number of threads.
 26  SYM+I+G4      7465.824     68  15067.648    15089.370    15354.377
WARNING: Number of threads seems too high for short alignments. Use -T AUTO to determine best number of threads.
 36  SYM+I+R2      7467.114     69  15072.229    15094.642    15363.175
WARNING: Number of threads seems too high for short alignments. Use -T AUTO to determine best number of threads.
 47  TVM+F+G4      7464.032     69  15066.064    15088.477    15357.010
WARNING: Number of threads seems too high for short alignments. Use -T AUTO to determine best number of threads.
 48  TVM+F+I+G4    7459.365     70  15058.730    15081.846    15353.892
WARNING: Number of threads seems too high for short alignments. Use -T AUTO to determine best number of threads.
 58  TVM+F+I+R2    7460.665     71  15063.330    15087.162    15362.709
WARNING: Number of threads seems too high for short alignments. Use -T AUTO to determine best number of threads.
 69  TVMe+G4       7472.388     66  15076.776    15097.154    15355.072
WARNING: Number of threads seems too high for short alignments. Use -T AUTO to determine best number of threads.
 70  TVMe+I+G4     7467.758     67  15069.517    15090.561    15352.029
WARNING: Number of threads seems too high for short alignments. Use -T AUTO to determine best number of threads.
 80  TVMe+I+R2     7469.229     68  15074.457    15096.179    15361.186
WARNING: Number of threads seems too high for short alignments. Use -T AUTO to determine best number of threads.
 91  TIM3+F+G4     7467.322     68  15070.645    15092.367    15357.374
WARNING: Number of threads seems too high for short alignments. Use -T AUTO to determine best number of threads.
 92  TIM3+F+I+G4   7463.106     69  15064.212    15086.625    15355.158
WARNING: Number of threads seems too high for short alignments. Use -T AUTO to determine best number of threads.
102  TIM3+F+I+R2   7464.843     70  15069.686    15092.803    15364.849
WARNING: Number of threads seems too high for short alignments. Use -T AUTO to determine best number of threads.
113  TIM3e+G4      7477.995     65  15085.990    15105.714    15360.069
WARNING: Number of threads seems too high for short alignments. Use -T AUTO to determine best number of threads.
114  TIM3e+I+G4    7473.265     66  15078.531    15098.909    15356.827
WARNING: Number of threads seems too high for short alignments. Use -T AUTO to determine best number of threads.
124  TIM3e+I+R2    7474.654     67  15083.309    15104.353    15365.821
WARNING: Number of threads seems too high for short alignments. Use -T AUTO to determine best number of threads.
135  TIM2+F+G4     7465.962     68  15067.923    15089.645    15354.652
WARNING: Number of threads seems too high for short alignments. Use -T AUTO to determine best number of threads.
136  TIM2+F+I+G4   7461.267     69  15060.535    15082.948    15351.480
WARNING: Number of threads seems too high for short alignments. Use -T AUTO to determine best number of threads.
146  TIM2+F+I+R2   7462.606     70  15065.212    15088.329    15360.375
WARNING: Number of threads seems too high for short alignments. Use -T AUTO to determine best number of threads.
157  TIM2e+G4      7479.855     65  15089.711    15109.435    15363.790
WARNING: Number of threads seems too high for short alignments. Use -T AUTO to determine best number of threads.
158  TIM2e+I+G4    7474.600     66  15081.201    15101.578    15359.497
WARNING: Number of threads seems too high for short alignments. Use -T AUTO to determine best number of threads.
168  TIM2e+I+R2    7475.366     67  15084.732    15105.776    15367.245
WARNING: Number of threads seems too high for short alignments. Use -T AUTO to determine best number of threads.
179  TIM+F+G4      7469.930     68  15075.860    15097.582    15362.589
WARNING: Number of threads seems too high for short alignments. Use -T AUTO to determine best number of threads.
180  TIM+F+I+G4    7465.298     69  15068.596    15091.009    15359.542
WARNING: Number of threads seems too high for short alignments. Use -T AUTO to determine best number of threads.
190  TIM+F+I+R2    7466.416     70  15072.832    15095.949    15367.995
WARNING: Number of threads seems too high for short alignments. Use -T AUTO to determine best number of threads.
201  TIMe+G4       7483.697     65  15097.393    15117.118    15371.473
WARNING: Number of threads seems too high for short alignments. Use -T AUTO to determine best number of threads.
202  TIMe+I+G4     7478.522     66  15089.044    15109.422    15367.340
WARNING: Number of threads seems too high for short alignments. Use -T AUTO to determine best number of threads.
212  TIMe+I+R2     7479.009     67  15092.017    15113.061    15374.530
WARNING: Number of threads seems too high for short alignments. Use -T AUTO to determine best number of threads.
223  TPM3u+F+G4    7471.168     67  15076.336    15097.379    15358.848
WARNING: Number of threads seems too high for short alignments. Use -T AUTO to determine best number of threads.
224  TPM3u+F+I+G4  7466.611     68  15069.222    15090.944    15355.951
WARNING: Number of threads seems too high for short alignments. Use -T AUTO to determine best number of threads.
234  TPM3u+F+I+R2  7468.015     69  15074.030    15096.443    15364.976
WARNING: Number of threads seems too high for short alignments. Use -T AUTO to determine best number of threads.
245  TPM3+G4       7479.749     64  15087.498    15106.581    15357.361
WARNING: Number of threads seems too high for short alignments. Use -T AUTO to determine best number of threads.
246  TPM3+I+G4     7475.245     65  15080.491    15100.215    15354.570
WARNING: Number of threads seems too high for short alignments. Use -T AUTO to determine best number of threads.
256  TPM3+I+R2     7476.809     66  15085.618    15105.995    15363.914
WARNING: Number of threads seems too high for short alignments. Use -T AUTO to determine best number of threads.
267  TPM2u+F+G4    7469.853     67  15073.706    15094.750    15356.219
WARNING: Number of threads seems too high for short alignments. Use -T AUTO to determine best number of threads.
268  TPM2u+F+I+G4  7464.824     68  15065.647    15087.369    15352.376
WARNING: Number of threads seems too high for short alignments. Use -T AUTO to determine best number of threads.
278  TPM2u+F+I+R2  7465.797     69  15069.593    15092.006    15360.539
WARNING: Number of threads seems too high for short alignments. Use -T AUTO to determine best number of threads.
289  TPM2+G4       7481.698     64  15091.397    15110.479    15361.260
WARNING: Number of threads seems too high for short alignments. Use -T AUTO to determine best number of threads.
290  TPM2+I+G4     7476.648     65  15083.295    15103.019    15357.374
WARNING: Number of threads seems too high for short alignments. Use -T AUTO to determine best number of threads.
300  TPM2+I+R2     7477.602     66  15087.203    15107.581    15365.499
WARNING: Number of threads seems too high for short alignments. Use -T AUTO to determine best number of threads.
311  K3Pu+F+G4     7473.743     67  15081.486    15102.530    15363.998
WARNING: Number of threads seems too high for short alignments. Use -T AUTO to determine best number of threads.
312  K3Pu+F+I+G4   7468.786     68  15073.572    15095.294    15360.301
WARNING: Number of threads seems too high for short alignments. Use -T AUTO to determine best number of threads.
322  K3Pu+F+I+R2   7469.523     69  15077.046    15099.459    15367.992
WARNING: Number of threads seems too high for short alignments. Use -T AUTO to determine best number of threads.
333  K3P+G4        7485.603     64  15099.206    15118.288    15369.069
WARNING: Number of threads seems too high for short alignments. Use -T AUTO to determine best number of threads.
334  K3P+I+G4      7480.634     65  15091.268    15110.992    15365.347
WARNING: Number of threads seems too high for short alignments. Use -T AUTO to determine best number of threads.
344  K3P+I+R2      7481.322     66  15094.644    15115.022    15372.940
WARNING: Number of threads seems too high for short alignments. Use -T AUTO to determine best number of threads.
355  TN+F+G4       7471.903     67  15077.806    15098.850    15360.319
WARNING: Number of threads seems too high for short alignments. Use -T AUTO to determine best number of threads.
356  TN+F+I+G4     7467.314     68  15070.629    15092.351    15357.358
WARNING: Number of threads seems too high for short alignments. Use -T AUTO to determine best number of threads.
366  TN+F+I+R2     7468.630     69  15075.259    15097.672    15366.205
WARNING: Number of threads seems too high for short alignments. Use -T AUTO to determine best number of threads.
377  TNe+G4        7485.876     64  15099.752    15118.834    15369.615
WARNING: Number of threads seems too high for short alignments. Use -T AUTO to determine best number of threads.
378  TNe+I+G4      7480.736     65  15091.472    15111.196    15365.551
WARNING: Number of threads seems too high for short alignments. Use -T AUTO to determine best number of threads.
388  TNe+I+R2      7481.423     66  15094.846    15115.224    15373.142
WARNING: Number of threads seems too high for short alignments. Use -T AUTO to determine best number of threads.
399  HKY+F+G4      7475.770     66  15083.539    15103.917    15361.835
WARNING: Number of threads seems too high for short alignments. Use -T AUTO to determine best number of threads.
400  HKY+F+I+G4    7470.848     67  15075.697    15096.741    15358.210
WARNING: Number of threads seems too high for short alignments. Use -T AUTO to determine best number of threads.
410  HKY+F+I+R2    7471.775     68  15079.551    15101.273    15366.280
WARNING: Number of threads seems too high for short alignments. Use -T AUTO to determine best number of threads.
421  K2P+G4        7487.740     63  15101.481    15119.934    15367.127
WARNING: Number of threads seems too high for short alignments. Use -T AUTO to determine best number of threads.
422  K2P+I+G4      7482.809     64  15093.617    15112.700    15363.480
WARNING: Number of threads seems too high for short alignments. Use -T AUTO to determine best number of threads.
432  K2P+I+R2      7483.699     65  15097.398    15117.122    15371.478
WARNING: Number of threads seems too high for short alignments. Use -T AUTO to determine best number of threads.
443  F81+F+G4      7562.058     65  15254.115    15273.839    15528.195
WARNING: Number of threads seems too high for short alignments. Use -T AUTO to determine best number of threads.
444  F81+F+I+G4    7557.128     66  15246.256    15266.634    15524.552
WARNING: Number of threads seems too high for short alignments. Use -T AUTO to determine best number of threads.
454  F81+F+I+R2    7557.796     67  15249.592    15270.636    15532.105
WARNING: Number of threads seems too high for short alignments. Use -T AUTO to determine best number of threads.
465  JC+G4         7587.150     62  15298.300    15316.136    15559.730
WARNING: Number of threads seems too high for short alignments. Use -T AUTO to determine best number of threads.
466  JC+I+G4       7581.854     63  15289.708    15308.161    15555.354
WARNING: Number of threads seems too high for short alignments. Use -T AUTO to determine best number of threads.
476  JC+I+R2       7582.094     64  15292.187    15311.270    15562.050
Akaike Information Criterion:           GTR+F+I+G4
Corrected Akaike Information Criterion: GTR+F+I+G4
Bayesian Information Criterion:         TIM2+F+I+G4
Best-fit model: TIM2+F+I+G4 chosen according to BIC

All model information printed to HGT_clade.cds.aln.model.gz
CPU time for ModelFinder: 9.591 seconds (0h:0m:9s)
Wall-clock time for ModelFinder: 1.207 seconds (0h:0m:1s)
Generating 1000 samples for ultrafast bootstrap (seed: 729242)...

NOTE: 3 MB RAM (0 GB) is required!
WARNING: Number of threads seems too high for short alignments. Use -T AUTO to determine best number of threads.
Estimate model parameters (epsilon = 0.100)
Thoroughly optimizing +I+G parameters from 10 start values...
Init pinv, alpha: 0.000, 2.096 / Estimate: 0.000, 1.248 / LogL: -7465.960
Init pinv, alpha: 0.019, 2.096 / Estimate: 0.082, 1.832 / LogL: -7461.401
Init pinv, alpha: 0.037, 2.096 / Estimate: 0.082, 1.828 / LogL: -7461.410
Init pinv, alpha: 0.056, 2.096 / Estimate: 0.082, 1.827 / LogL: -7461.413
Init pinv, alpha: 0.075, 2.096 / Estimate: 0.084, 1.850 / LogL: -7461.368
Init pinv, alpha: 0.093, 2.096 / Estimate: 0.093, 1.947 / LogL: -7461.268
Init pinv, alpha: 0.112, 2.096 / Estimate: 0.099, 2.017 / LogL: -7461.282
Init pinv, alpha: 0.130, 2.096 / Estimate: 0.103, 2.066 / LogL: -7461.332
Init pinv, alpha: 0.149, 2.096 / Estimate: 0.102, 2.056 / LogL: -7461.320
Init pinv, alpha: 0.168, 2.096 / Estimate: 0.104, 2.070 / LogL: -7461.340
Optimal pinv,alpha: 0.093, 1.947 / LogL: -7461.268

Parameters optimization took 0.327 sec
Wrote distance file to... 
Computing ML distances based on estimated model parameters...
Calculating distance matrix: done in 0.000479205 secs using 3461% CPU
Computing ML distances took 0.000592 sec (of wall-clock time) 0.016655 sec (of CPU time)
Setting up auxiliary I and S matrices: done in 0.00736108 secs using 166.2% CPU
Computing RapidNJ tree took 0.040474 sec (of wall-clock time) 0.034754 sec (of CPU time)
Log-likelihood of RapidNJ tree: -7484.338
--------------------------------------------------------------------
|             INITIALIZING CANDIDATE TREE SET                      |
--------------------------------------------------------------------
Generating 98 parsimony trees... 0.220 second
Computing log-likelihood of 98 initial trees ... 0.253 seconds
Current best score: -7461.268

Do NNI search on 20 best initial trees
Estimate model parameters (epsilon = 0.100)
BETTER TREE FOUND at iteration 1: -7461.266
Estimate model parameters (epsilon = 0.100)
BETTER TREE FOUND at iteration 3: -7460.385
Iteration 10 / LogL: -7460.401 / Time: 0h:0m:2s
Estimate model parameters (epsilon = 0.100)
BETTER TREE FOUND at iteration 12: -7460.061
Iteration 20 / LogL: -7460.399 / Time: 0h:0m:2s
Finish initializing candidate tree set (7)
Current best tree score: -7460.061 / CPU time: 1.089
Number of iterations: 20
--------------------------------------------------------------------
|               OPTIMIZING CANDIDATE TREE SET                      |
--------------------------------------------------------------------
Iteration 30 / LogL: -7460.406 / Time: 0h:0m:3s (0h:0m:5s left)
Iteration 40 / LogL: -7460.078 / Time: 0h:0m:3s (0h:0m:4s left)
Iteration 50 / LogL: -7461.288 / Time: 0h:0m:4s (0h:0m:3s left)
Log-likelihood cutoff on original alignment: -7491.068
Iteration 60 / LogL: -7460.299 / Time: 0h:0m:4s (0h:0m:3s left)
Iteration 70 / LogL: -7460.404 / Time: 0h:0m:5s (0h:0m:2s left)
Iteration 80 / LogL: -7460.312 / Time: 0h:0m:5s (0h:0m:1s left)
Iteration 90 / LogL: -7460.077 / Time: 0h:0m:6s (0h:0m:1s left)
Iteration 100 / LogL: -7460.097 / Time: 0h:0m:6s (0h:0m:0s left)
Log-likelihood cutoff on original alignment: -7491.068
NOTE: Bootstrap correlation coefficient of split occurrence frequencies: 0.998
Iteration 110 / LogL: -7461.279 / Time: 0h:0m:7s (0h:0m:4s left)
TREE SEARCH COMPLETED AFTER 113 ITERATIONS / Time: 0h:0m:7s

--------------------------------------------------------------------
|                    FINALIZING TREE SEARCH                        |
--------------------------------------------------------------------
Performs final model parameters optimization
Estimate model parameters (epsilon = 0.010)
1. Initial log-likelihood: -7460.061
Optimal log-likelihood: -7460.060
Rate parameters:  A-C: 1.38324  A-G: 2.33416  A-T: 1.38324  C-G: 1.00000  C-T: 2.99016  G-T: 1.00000
Base frequencies:  A: 0.289  C: 0.223  G: 0.286  T: 0.202
Proportion of invariable sites: 0.094
Gamma shape alpha: 1.938
Parameters optimization took 1 rounds (0.005 sec)
BEST SCORE FOUND : -7460.060
Creating bootstrap support values...
Split supports printed to NEXUS file HGT_clade.cds.aln.splits.nex
Total tree length: 4.694

Total number of iterations: 113
CPU time used for tree search: 41.635 sec (0h:0m:41s)
Wall-clock time used for tree search: 5.540 sec (0h:0m:5s)
Total CPU time used: 54.202 sec (0h:0m:54s)
Total wall-clock time used: 7.216 sec (0h:0m:7s)

Computing bootstrap consensus tree...
Reading input file HGT_clade.cds.aln.splits.nex...
32 taxa and 145 splits.
Consensus tree written to HGT_clade.cds.aln.contree
Reading input trees file HGT_clade.cds.aln.contree
Log-likelihood of consensus tree: -7460.391

Analysis results written to: 
  IQ-TREE report:                HGT_clade.cds.aln.iqtree
  Maximum-likelihood tree:       HGT_clade.cds.aln.treefile
  Likelihood distances:          HGT_clade.cds.aln.mldist

Ultrafast bootstrap approximation results written to:
  Split support values:          HGT_clade.cds.aln.splits.nex
  Consensus tree:                HGT_clade.cds.aln.contree
  Screen log file:               HGT_clade.cds.aln.log

Date and Time: Mon Feb  3 09:39:05 2025
