IQ-TREE multicore version 2.3.6 for Linux x86 64-bit built Aug  4 2024
Developed by Bui Quang Minh, Nguyen Lam Tung, Olga Chernomor, Heiko Schmidt,
Dominik Schrempf, Michael Woodhams, Ly Trong Nhan, Thomas Wong

Host:    sca38 (AVX2, FMA3, 503 GB RAM)
Command: iqtree -s HGT_clade.cds.aln -st DNA -nt 8 -bb 1000 --redo
Seed:    349004 (Using SPRNG - Scalable Parallel Random Number Generator)
Time:    Mon Feb  3 08:22:55 2025
Kernel:  AVX+FMA - 8 threads (8 CPU cores detected)

Reading alignment file HGT_clade.cds.aln ... Fasta format detected
Reading fasta file: done in 0.000605424 secs using 49.72% CPU
Alignment most likely contains DNA/RNA sequences
Alignment has 5 sequences with 3885 columns, 352 distinct patterns
405 parsimony-informative, 1255 singleton sites, 2225 constant sites
                                           Gap/Ambiguity  Composition  p-value
Analyzing sequences: done in 1.36802e-05 secs using 87.72% CPU
   1  Osmerus_eperlanus_rna_XM_062453720_1         2.08%    passed     92.05%
   2  Engraulis_encrasicolus_rna_XM_063188421_1    0.77%    passed     89.87%
   3  Chanos_chanos_rna_XM_030785099_1             0.00%    passed     68.36%
   4  Alosa_sapidissima_rna_XM_042087851_1         0.00%    passed     78.96%
   5  Clupea_harengus_rna_XM_031565097_2           0.08%    passed     76.99%
****  TOTAL                                        0.59%  0 sequences failed composition chi2 test (p-value<5%; df=3)


Create initial parsimony tree by phylogenetic likelihood library (PLL)... 0.000 seconds
WARNING: Number of threads seems too high for short alignments. Use -T AUTO to determine best number of threads.
Perform fast likelihood tree search using GTR+I+G model...
Estimate model parameters (epsilon = 5.000)
Perform nearest neighbor interchange...
Estimate model parameters (epsilon = 1.000)
1. Initial log-likelihood: -13811.874
Optimal log-likelihood: -13811.731
Rate parameters:  A-C: 1.56832  A-G: 3.52073  A-T: 1.20263  C-G: 1.57958  C-T: 4.17695  G-T: 1.00000
Base frequencies:  A: 0.322  C: 0.202  G: 0.233  T: 0.242
Proportion of invariable sites: 0.291
Gamma shape alpha: 3.906
Parameters optimization took 1 rounds (0.003 sec)
Time for fast ML tree search: 0.015 seconds

NOTE: ModelFinder requires 1 MB RAM!
ModelFinder will test up to 484 DNA models (sample size: 3885 epsilon: 0.100) ...
 No. Model         -LnL         df  AIC          AICc         BIC
WARNING: Number of threads seems too high for short alignments. Use -T AUTO to determine best number of threads.
  1  GTR+F         13890.873    15  27811.746    27811.871    27905.720
WARNING: Number of threads seems too high for short alignments. Use -T AUTO to determine best number of threads.
  2  GTR+F+I       13811.928    16  27655.856    27655.997    27756.094
WARNING: Number of threads seems too high for short alignments. Use -T AUTO to determine best number of threads.
  3  GTR+F+G4      13812.889    16  27657.777    27657.918    27758.015
WARNING: Number of threads seems too high for short alignments. Use -T AUTO to determine best number of threads.
  4  GTR+F+I+G4    13811.706    17  27657.412    27657.570    27763.915
WARNING: Number of threads seems too high for short alignments. Use -T AUTO to determine best number of threads.
  5  GTR+F+R2      13811.773    17  27657.545    27657.703    27764.048
WARNING: Number of threads seems too high for short alignments. Use -T AUTO to determine best number of threads.
+R3 reinitialized from +R2 with factor 0.500
  6  GTR+F+R3      13811.776    19  27661.553    27661.749    27780.585
WARNING: Number of threads seems too high for short alignments. Use -T AUTO to determine best number of threads.
 14  GTR+F+I+R2    13811.847    18  27659.694    27659.871    27772.462
WARNING: Number of threads seems too high for short alignments. Use -T AUTO to determine best number of threads.
 15  GTR+F+I+R3    13811.718    20  27663.436    27663.653    27788.733
WARNING: Number of threads seems too high for short alignments. Use -T AUTO to determine best number of threads.
 24  SYM+I         13896.766    13  27819.533    27819.627    27900.976
WARNING: Number of threads seems too high for short alignments. Use -T AUTO to determine best number of threads.
 25  SYM+G4        13897.602    13  27821.204    27821.298    27902.647
WARNING: Number of threads seems too high for short alignments. Use -T AUTO to determine best number of threads.
 26  SYM+I+G4      13896.528    14  27821.056    27821.165    27908.765
WARNING: Number of threads seems too high for short alignments. Use -T AUTO to determine best number of threads.
 27  SYM+R2        13896.553    14  27821.106    27821.214    27908.814
WARNING: Number of threads seems too high for short alignments. Use -T AUTO to determine best number of threads.
 46  TVM+F+I       13814.064    15  27658.127    27658.251    27752.100
WARNING: Number of threads seems too high for short alignments. Use -T AUTO to determine best number of threads.
 47  TVM+F+G4      13815.393    15  27660.786    27660.910    27754.759
WARNING: Number of threads seems too high for short alignments. Use -T AUTO to determine best number of threads.
 48  TVM+F+I+G4    13814.026    16  27660.053    27660.193    27760.291
WARNING: Number of threads seems too high for short alignments. Use -T AUTO to determine best number of threads.
 49  TVM+F+R2      13814.090    16  27660.181    27660.321    27760.419
WARNING: Number of threads seems too high for short alignments. Use -T AUTO to determine best number of threads.
 68  TVMe+I        13897.270    12  27818.540    27818.620    27893.718
WARNING: Number of threads seems too high for short alignments. Use -T AUTO to determine best number of threads.
 69  TVMe+G4       13898.040    12  27820.079    27820.160    27895.258
WARNING: Number of threads seems too high for short alignments. Use -T AUTO to determine best number of threads.
 70  TVMe+I+G4     13897.031    13  27820.063    27820.157    27901.506
WARNING: Number of threads seems too high for short alignments. Use -T AUTO to determine best number of threads.
 71  TVMe+R2       13897.041    13  27820.081    27820.175    27901.525
WARNING: Number of threads seems too high for short alignments. Use -T AUTO to determine best number of threads.
 90  TIM3+F+I      13812.662    14  27653.325    27653.433    27741.033
WARNING: Number of threads seems too high for short alignments. Use -T AUTO to determine best number of threads.
 91  TIM3+F+G4     13813.815    14  27655.631    27655.739    27743.339
WARNING: Number of threads seems too high for short alignments. Use -T AUTO to determine best number of threads.
 92  TIM3+F+I+G4   13812.542    15  27655.084    27655.208    27749.057
WARNING: Number of threads seems too high for short alignments. Use -T AUTO to determine best number of threads.
 93  TIM3+F+R2     13812.576    15  27655.152    27655.276    27749.125
WARNING: Number of threads seems too high for short alignments. Use -T AUTO to determine best number of threads.
112  TIM3e+I       13902.434    11  27826.868    27826.936    27895.782
WARNING: Number of threads seems too high for short alignments. Use -T AUTO to determine best number of threads.
113  TIM3e+G4      13903.951    11  27829.902    27829.970    27898.816
WARNING: Number of threads seems too high for short alignments. Use -T AUTO to determine best number of threads.
114  TIM3e+I+G4    13902.527    12  27829.054    27829.135    27904.233
WARNING: Number of threads seems too high for short alignments. Use -T AUTO to determine best number of threads.
115  TIM3e+R2      13902.565    12  27829.130    27829.210    27904.308
WARNING: Number of threads seems too high for short alignments. Use -T AUTO to determine best number of threads.
134  TIM2+F+I      13819.255    14  27666.510    27666.619    27754.218
WARNING: Number of threads seems too high for short alignments. Use -T AUTO to determine best number of threads.
135  TIM2+F+G4     13820.913    14  27669.826    27669.935    27757.535
WARNING: Number of threads seems too high for short alignments. Use -T AUTO to determine best number of threads.
136  TIM2+F+I+G4   13819.381    15  27668.762    27668.886    27762.735
WARNING: Number of threads seems too high for short alignments. Use -T AUTO to determine best number of threads.
137  TIM2+F+R2     13819.457    15  27668.914    27669.038    27762.887
WARNING: Number of threads seems too high for short alignments. Use -T AUTO to determine best number of threads.
156  TIM2e+I       13899.556    11  27821.111    27821.180    27890.025
WARNING: Number of threads seems too high for short alignments. Use -T AUTO to determine best number of threads.
157  TIM2e+G4      13900.588    11  27823.176    27823.244    27892.089
WARNING: Number of threads seems too high for short alignments. Use -T AUTO to determine best number of threads.
158  TIM2e+I+G4    13899.433    12  27822.867    27822.947    27898.045
WARNING: Number of threads seems too high for short alignments. Use -T AUTO to determine best number of threads.
159  TIM2e+R2      13899.446    12  27822.893    27822.973    27898.071
WARNING: Number of threads seems too high for short alignments. Use -T AUTO to determine best number of threads.
178  TIM+F+I       13819.603    14  27667.207    27667.315    27754.915
WARNING: Number of threads seems too high for short alignments. Use -T AUTO to determine best number of threads.
179  TIM+F+G4      13821.384    14  27670.768    27670.876    27758.476
WARNING: Number of threads seems too high for short alignments. Use -T AUTO to determine best number of threads.
180  TIM+F+I+G4    13819.771    15  27669.541    27669.665    27763.514
WARNING: Number of threads seems too high for short alignments. Use -T AUTO to determine best number of threads.
181  TIM+F+R2      13819.853    15  27669.705    27669.829    27763.679
WARNING: Number of threads seems too high for short alignments. Use -T AUTO to determine best number of threads.
200  TIMe+I        13904.540    11  27831.079    27831.147    27899.993
WARNING: Number of threads seems too high for short alignments. Use -T AUTO to determine best number of threads.
201  TIMe+G4       13906.219    11  27834.438    27834.506    27903.351
WARNING: Number of threads seems too high for short alignments. Use -T AUTO to determine best number of threads.
202  TIMe+I+G4     13904.698    12  27833.397    27833.477    27908.575
WARNING: Number of threads seems too high for short alignments. Use -T AUTO to determine best number of threads.
203  TIMe+R2       13904.738    12  27833.475    27833.556    27908.654
WARNING: Number of threads seems too high for short alignments. Use -T AUTO to determine best number of threads.
222  TPM3u+F+I     13814.808    13  27655.616    27655.711    27737.060
WARNING: Number of threads seems too high for short alignments. Use -T AUTO to determine best number of threads.
223  TPM3u+F+G4    13816.290    13  27658.580    27658.674    27740.023
WARNING: Number of threads seems too high for short alignments. Use -T AUTO to determine best number of threads.
224  TPM3u+F+I+G4  13814.799    14  27657.597    27657.706    27745.306
WARNING: Number of threads seems too high for short alignments. Use -T AUTO to determine best number of threads.
225  TPM3u+F+R2    13814.889    14  27657.777    27657.886    27745.486
WARNING: Number of threads seems too high for short alignments. Use -T AUTO to determine best number of threads.
244  TPM3+I        13902.933    10  27825.865    27825.922    27888.514
WARNING: Number of threads seems too high for short alignments. Use -T AUTO to determine best number of threads.
245  TPM3+G4       13904.416    10  27828.832    27828.889    27891.481
WARNING: Number of threads seems too high for short alignments. Use -T AUTO to determine best number of threads.
246  TPM3+I+G4     13902.993    11  27827.985    27828.053    27896.899
WARNING: Number of threads seems too high for short alignments. Use -T AUTO to determine best number of threads.
247  TPM3+R2       13903.030    11  27828.059    27828.127    27896.973
WARNING: Number of threads seems too high for short alignments. Use -T AUTO to determine best number of threads.
266  TPM2u+F+I     13821.328    13  27668.655    27668.749    27750.098
WARNING: Number of threads seems too high for short alignments. Use -T AUTO to determine best number of threads.
267  TPM2u+F+G4    13823.217    13  27672.433    27672.527    27753.876
WARNING: Number of threads seems too high for short alignments. Use -T AUTO to determine best number of threads.
268  TPM2u+F+I+G4  13821.514    14  27671.027    27671.136    27758.735
WARNING: Number of threads seems too high for short alignments. Use -T AUTO to determine best number of threads.
269  TPM2u+F+R2    13821.620    14  27671.240    27671.348    27758.948
WARNING: Number of threads seems too high for short alignments. Use -T AUTO to determine best number of threads.
288  TPM2+I        13900.075    10  27820.149    27820.206    27882.798
WARNING: Number of threads seems too high for short alignments. Use -T AUTO to determine best number of threads.
289  TPM2+G4       13901.089    10  27822.179    27822.236    27884.828
WARNING: Number of threads seems too high for short alignments. Use -T AUTO to determine best number of threads.
290  TPM2+I+G4     13899.926    11  27821.851    27821.919    27890.765
WARNING: Number of threads seems too high for short alignments. Use -T AUTO to determine best number of threads.
291  TPM2+R2       13899.948    11  27821.897    27821.965    27890.810
WARNING: Number of threads seems too high for short alignments. Use -T AUTO to determine best number of threads.
310  K3Pu+F+I      13821.654    13  27669.309    27669.403    27750.752
WARNING: Number of threads seems too high for short alignments. Use -T AUTO to determine best number of threads.
311  K3Pu+F+G4     13823.658    13  27673.315    27673.409    27754.759
WARNING: Number of threads seems too high for short alignments. Use -T AUTO to determine best number of threads.
312  K3Pu+F+I+G4   13821.872    14  27671.744    27671.853    27759.453
WARNING: Number of threads seems too high for short alignments. Use -T AUTO to determine best number of threads.
313  K3Pu+F+R2     13821.984    14  27671.969    27672.077    27759.677
WARNING: Number of threads seems too high for short alignments. Use -T AUTO to determine best number of threads.
332  K3P+I         13905.049    10  27830.098    27830.155    27892.747
WARNING: Number of threads seems too high for short alignments. Use -T AUTO to determine best number of threads.
333  K3P+G4        13906.709    10  27833.418    27833.475    27896.067
WARNING: Number of threads seems too high for short alignments. Use -T AUTO to determine best number of threads.
334  K3P+I+G4      13905.174    11  27832.348    27832.416    27901.262
WARNING: Number of threads seems too high for short alignments. Use -T AUTO to determine best number of threads.
335  K3P+R2        13905.222    11  27832.444    27832.512    27901.357
WARNING: Number of threads seems too high for short alignments. Use -T AUTO to determine best number of threads.
354  TN+F+I        13819.624    13  27665.247    27665.341    27746.691
WARNING: Number of threads seems too high for short alignments. Use -T AUTO to determine best number of threads.
355  TN+F+G4       13821.414    13  27668.828    27668.922    27750.271
WARNING: Number of threads seems too high for short alignments. Use -T AUTO to determine best number of threads.
356  TN+F+I+G4     13819.751    14  27667.503    27667.611    27755.211
WARNING: Number of threads seems too high for short alignments. Use -T AUTO to determine best number of threads.
357  TN+F+R2       13819.853    14  27667.706    27667.815    27755.414
WARNING: Number of threads seems too high for short alignments. Use -T AUTO to determine best number of threads.
376  TNe+I         13904.751    10  27829.502    27829.559    27892.151
WARNING: Number of threads seems too high for short alignments. Use -T AUTO to determine best number of threads.
377  TNe+G4        13906.455    10  27832.910    27832.967    27895.559
WARNING: Number of threads seems too high for short alignments. Use -T AUTO to determine best number of threads.
378  TNe+I+G4      13904.879    11  27831.758    27831.826    27900.671
WARNING: Number of threads seems too high for short alignments. Use -T AUTO to determine best number of threads.
379  TNe+R2        13904.937    11  27831.874    27831.943    27900.788
WARNING: Number of threads seems too high for short alignments. Use -T AUTO to determine best number of threads.
398  HKY+F+I       13821.675    12  27667.349    27667.430    27742.528
WARNING: Number of threads seems too high for short alignments. Use -T AUTO to determine best number of threads.
399  HKY+F+G4      13823.684    12  27671.367    27671.448    27746.546
WARNING: Number of threads seems too high for short alignments. Use -T AUTO to determine best number of threads.
400  HKY+F+I+G4    13821.867    13  27669.734    27669.828    27751.177
WARNING: Number of threads seems too high for short alignments. Use -T AUTO to determine best number of threads.
401  HKY+F+R2      13821.993    13  27669.987    27670.081    27751.430
WARNING: Number of threads seems too high for short alignments. Use -T AUTO to determine best number of threads.
420  K2P+I         13905.261    9   27828.523    27828.569    27884.907
WARNING: Number of threads seems too high for short alignments. Use -T AUTO to determine best number of threads.
421  K2P+G4        13906.948    9   27831.896    27831.942    27888.280
WARNING: Number of threads seems too high for short alignments. Use -T AUTO to determine best number of threads.
422  K2P+I+G4      13905.376    10  27830.752    27830.809    27893.401
WARNING: Number of threads seems too high for short alignments. Use -T AUTO to determine best number of threads.
423  K2P+R2        13905.435    10  27830.871    27830.928    27893.520
WARNING: Number of threads seems too high for short alignments. Use -T AUTO to determine best number of threads.
442  F81+F+I       14007.803    11  28037.606    28037.674    28106.519
WARNING: Number of threads seems too high for short alignments. Use -T AUTO to determine best number of threads.
443  F81+F+G4      14010.545    11  28043.090    28043.158    28112.004
WARNING: Number of threads seems too high for short alignments. Use -T AUTO to determine best number of threads.
444  F81+F+I+G4    14008.139    12  28040.278    28040.359    28115.457
WARNING: Number of threads seems too high for short alignments. Use -T AUTO to determine best number of threads.
445  F81+F+R2      14008.780    12  28041.561    28041.642    28116.740
WARNING: Number of threads seems too high for short alignments. Use -T AUTO to determine best number of threads.
464  JC+I          14093.724    8   28203.447    28203.485    28253.566
WARNING: Number of threads seems too high for short alignments. Use -T AUTO to determine best number of threads.
465  JC+G4         14096.161    8   28208.322    28208.359    28258.441
WARNING: Number of threads seems too high for short alignments. Use -T AUTO to determine best number of threads.
466  JC+I+G4       14094.024    9   28206.047    28206.094    28262.431
WARNING: Number of threads seems too high for short alignments. Use -T AUTO to determine best number of threads.
467  JC+R2         14094.506    9   28207.012    28207.059    28263.396
Akaike Information Criterion:           TIM3+F+I
Corrected Akaike Information Criterion: TIM3+F+I
Bayesian Information Criterion:         TPM3u+F+I
Best-fit model: TPM3u+F+I chosen according to BIC

All model information printed to HGT_clade.cds.aln.model.gz
CPU time for ModelFinder: 2.025 seconds (0h:0m:2s)
Wall-clock time for ModelFinder: 0.257 seconds (0h:0m:0s)
Generating 1000 samples for ultrafast bootstrap (seed: 349004)...

NOTE: 1 MB RAM (0 GB) is required!
WARNING: Number of threads seems too high for short alignments. Use -T AUTO to determine best number of threads.
Estimate model parameters (epsilon = 0.100)
1. Initial log-likelihood: -14007.993
2. Current log-likelihood: -13816.545
3. Current log-likelihood: -13814.876
Optimal log-likelihood: -13814.814
Rate parameters:  A-C: 1.36471  A-G: 3.28349  A-T: 1.00000  C-G: 1.36471  C-T: 3.28349  G-T: 1.00000
Base frequencies:  A: 0.322  C: 0.202  G: 0.233  T: 0.242
Proportion of invariable sites: 0.356
Parameters optimization took 3 rounds (0.003 sec)
Wrote distance file to... 
Computing ML distances based on estimated model parameters...
Calculating distance matrix: done in 6.7869e-05 secs using 2900% CPU
Computing ML distances took 0.000158 sec (of wall-clock time) 0.002021 sec (of CPU time)
Setting up auxiliary I and S matrices: done in 0.00166133 secs using 142.4% CPU
Computing RapidNJ tree took 0.003071 sec (of wall-clock time) 0.005110 sec (of CPU time)
Log-likelihood of RapidNJ tree: -13814.813
--------------------------------------------------------------------
|             INITIALIZING CANDIDATE TREE SET                      |
--------------------------------------------------------------------
Generating 99 parsimony trees... 0.027 second
Computing log-likelihood of 4 initial trees ... 0.001 seconds
Current best score: -13814.813

Do NNI search on 5 best initial trees
Finish initializing candidate tree set (5)
Current best tree score: -13814.813 / CPU time: 0.038
Number of iterations: 5
--------------------------------------------------------------------
|               OPTIMIZING CANDIDATE TREE SET                      |
--------------------------------------------------------------------
Iteration 10 / LogL: -13815.315 / Time: 0h:0m:0s
Iteration 20 / LogL: -13815.429 / Time: 0h:0m:0s
UPDATE BEST LOG-LIKELIHOOD: -13814.813
UPDATE BEST LOG-LIKELIHOOD: -13814.813
Iteration 30 / LogL: -13816.107 / Time: 0h:0m:0s (0h:0m:0s left)
UPDATE BEST LOG-LIKELIHOOD: -13814.813
Iteration 40 / LogL: -13815.317 / Time: 0h:0m:0s (0h:0m:0s left)
Iteration 50 / LogL: -13815.945 / Time: 0h:0m:0s (0h:0m:0s left)
Log-likelihood cutoff on original alignment: -13827.838
Iteration 60 / LogL: -13815.003 / Time: 0h:0m:0s (0h:0m:0s left)
Iteration 70 / LogL: -13814.969 / Time: 0h:0m:0s (0h:0m:0s left)
Iteration 80 / LogL: -13814.813 / Time: 0h:0m:0s (0h:0m:0s left)
Iteration 90 / LogL: -13815.763 / Time: 0h:0m:0s (0h:0m:0s left)
Iteration 100 / LogL: -13815.087 / Time: 0h:0m:0s (0h:0m:0s left)
Log-likelihood cutoff on original alignment: -13827.838
NOTE: Bootstrap correlation coefficient of split occurrence frequencies: 1.000
TREE SEARCH COMPLETED AFTER 101 ITERATIONS / Time: 0h:0m:0s

--------------------------------------------------------------------
|                    FINALIZING TREE SEARCH                        |
--------------------------------------------------------------------
Performs final model parameters optimization
Estimate model parameters (epsilon = 0.010)
1. Initial log-likelihood: -13814.813
Optimal log-likelihood: -13814.811
Rate parameters:  A-C: 1.37183  A-G: 3.28880  A-T: 1.00000  C-G: 1.37183  C-T: 3.28880  G-T: 1.00000
Base frequencies:  A: 0.322  C: 0.202  G: 0.233  T: 0.242
Proportion of invariable sites: 0.357
Parameters optimization took 1 rounds (0.001 sec)
BEST SCORE FOUND : -13814.811
Creating bootstrap support values...
Split supports printed to NEXUS file HGT_clade.cds.aln.splits.nex
Total tree length: 0.788

Total number of iterations: 101
CPU time used for tree search: 3.450 sec (0h:0m:3s)
Wall-clock time used for tree search: 0.458 sec (0h:0m:0s)
Total CPU time used: 5.713 sec (0h:0m:5s)
Total wall-clock time used: 0.769 sec (0h:0m:0s)

Computing bootstrap consensus tree...
Reading input file HGT_clade.cds.aln.splits.nex...
5 taxa and 8 splits.
Consensus tree written to HGT_clade.cds.aln.contree
Reading input trees file HGT_clade.cds.aln.contree
Log-likelihood of consensus tree: -13814.811

Analysis results written to: 
  IQ-TREE report:                HGT_clade.cds.aln.iqtree
  Maximum-likelihood tree:       HGT_clade.cds.aln.treefile
  Likelihood distances:          HGT_clade.cds.aln.mldist

Ultrafast bootstrap approximation results written to:
  Split support values:          HGT_clade.cds.aln.splits.nex
  Consensus tree:                HGT_clade.cds.aln.contree
  Screen log file:               HGT_clade.cds.aln.log

Date and Time: Mon Feb  3 08:22:56 2025
